Buildfile generation error occurred..
Required variable 'FREERTOS_INSTALL_DIR' cannot be resolved or is pointing to a non-existent location. See 'Preferences > CCS > Build > Variables' page to define this variable before building this project.
Build stopped..
Buildfile generation error occurred..
Required variable 'FREERTOS_INSTALL_DIR' cannot be resolved or is pointing to a non-existent location. See 'Preferences > CCS > Build > Variables' page to define this variable before building this project.
Build stopped..

**** Clean-only build of configuration Debug for project freertos_builds_CC3220S_LAUNCHXL_release_gcc ****

"C:\\ti\\ccs930\\ccs\\utils\\bin\\gmake" -k -j 4 clean -O 
 
DEL /F  "libfreertos_builds_CC3220S_LAUNCHXL_release_gcc.a" 
DEL /F "dpl\ClockP_freertos.o" "dpl\DebugP_freertos.o" "dpl\HwiPCC32XX_freertos.o" "dpl\MutexP_freertos.o" "dpl\PowerCC32XX_freertos.o" "dpl\SemaphoreP_freertos.o" "dpl\SystemP_freertos.o" "freertos\croutine.o" "freertos\event_groups.o" "freertos\heap_4.o" "freertos\list.o" "freertos\queue.o" "freertos\stream_buffer.o" "freertos\tasks.o" "freertos\timers.o" "freertos\portable\GCC\ARM_CM3\port.o" "freertos\startup\startup_cc32xx_gcc.o" "posix\clock.o" "posix\memory.o" "posix\mqueue.o" "posix\pthread.o" "posix\pthread_barrier.o" "posix\pthread_cond.o" "posix\pthread_mutex.o" "posix\pthread_rwlock.o" "posix\sched.o" "posix\semaphore.o" "posix\sleep.o" "posix\timer.o" 
DEL /F "dpl\ClockP_freertos.d" "dpl\DebugP_freertos.d" "dpl\HwiPCC32XX_freertos.d" "dpl\MutexP_freertos.d" "dpl\PowerCC32XX_freertos.d" "dpl\SemaphoreP_freertos.d" "dpl\SystemP_freertos.d" "freertos\croutine.d" "freertos\event_groups.d" "freertos\heap_4.d" "freertos\list.d" "freertos\queue.d" "freertos\stream_buffer.d" "freertos\tasks.d" "freertos\timers.d" "freertos\portable\GCC\ARM_CM3\port.d" "freertos\startup\startup_cc32xx_gcc.d" "posix\clock.d" "posix\memory.d" "posix\mqueue.d" "posix\pthread.d" "posix\pthread_barrier.d" "posix\pthread_cond.d" "posix\pthread_mutex.d" "posix\pthread_rwlock.d" "posix\sched.d" "posix\semaphore.d" "posix\sleep.d" "posix\timer.d" 
Could Not Find C:\Users\Gudni\IgreyptKerfi\freertos_builds_CC3220S_LAUNCHXL_release_gcc\Debug\libfreertos_builds_CC3220S_LAUNCHXL_release_gcc.a
Could Not Find C:\Users\Gudni\IgreyptKerfi\freertos_builds_CC3220S_LAUNCHXL_release_gcc\Debug\dpl\ClockP_freertos.o
Could Not Find C:\Users\Gudni\IgreyptKerfi\freertos_builds_CC3220S_LAUNCHXL_release_gcc\Debug\freertos\croutine.o
Could Not Find C:\Users\Gudni\IgreyptKerfi\freertos_builds_CC3220S_LAUNCHXL_release_gcc\Debug\freertos\portable\GCC\ARM_CM3\port.o
Could Not Find C:\Users\Gudni\IgreyptKerfi\freertos_builds_CC3220S_LAUNCHXL_release_gcc\Debug\freertos\startup\startup_cc32xx_gcc.o
Could Not Find C:\Users\Gudni\IgreyptKerfi\freertos_builds_CC3220S_LAUNCHXL_release_gcc\Debug\posix\clock.o
Could Not Find C:\Users\Gudni\IgreyptKerfi\freertos_builds_CC3220S_LAUNCHXL_release_gcc\Debug\dpl\ClockP_freertos.d
Could Not Find C:\Users\Gudni\IgreyptKerfi\freertos_builds_CC3220S_LAUNCHXL_release_gcc\Debug\freertos\croutine.d
Could Not Find C:\Users\Gudni\IgreyptKerfi\freertos_builds_CC3220S_LAUNCHXL_release_gcc\Debug\freertos\portable\GCC\ARM_CM3\port.d
Could Not Find C:\Users\Gudni\IgreyptKerfi\freertos_builds_CC3220S_LAUNCHXL_release_gcc\Debug\freertos\startup\startup_cc32xx_gcc.d
Could Not Find C:\Users\Gudni\IgreyptKerfi\freertos_builds_CC3220S_LAUNCHXL_release_gcc\Debug\posix\clock.d
Finished clean
 

**** Build Finished ****

**** Clean-only build of configuration Debug for project freertos_builds_CC3220S_LAUNCHXL_release_gcc ****

"C:\\ti\\ccs930\\ccs\\utils\\bin\\gmake" -k -j 4 clean -O 
 
DEL /F  "libfreertos_builds_CC3220S_LAUNCHXL_release_gcc.a" 
DEL /F "dpl\ClockP_freertos.o" "dpl\DebugP_freertos.o" "dpl\HwiPCC32XX_freertos.o" "dpl\MutexP_freertos.o" "dpl\PowerCC32XX_freertos.o" "dpl\SemaphoreP_freertos.o" "dpl\SystemP_freertos.o" "freertos\croutine.o" "freertos\event_groups.o" "freertos\heap_4.o" "freertos\list.o" "freertos\queue.o" "freertos\stream_buffer.o" "freertos\tasks.o" "freertos\timers.o" "freertos\portable\GCC\ARM_CM3\port.o" "freertos\startup\startup_cc32xx_gcc.o" "posix\clock.o" "posix\memory.o" "posix\mqueue.o" "posix\pthread.o" "posix\pthread_barrier.o" "posix\pthread_cond.o" "posix\pthread_mutex.o" "posix\pthread_rwlock.o" "posix\sched.o" "posix\semaphore.o" "posix\sleep.o" "posix\timer.o" 
DEL /F "dpl\ClockP_freertos.d" "dpl\DebugP_freertos.d" "dpl\HwiPCC32XX_freertos.d" "dpl\MutexP_freertos.d" "dpl\PowerCC32XX_freertos.d" "dpl\SemaphoreP_freertos.d" "dpl\SystemP_freertos.d" "freertos\croutine.d" "freertos\event_groups.d" "freertos\heap_4.d" "freertos\list.d" "freertos\queue.d" "freertos\stream_buffer.d" "freertos\tasks.d" "freertos\timers.d" "freertos\portable\GCC\ARM_CM3\port.d" "freertos\startup\startup_cc32xx_gcc.d" "posix\clock.d" "posix\memory.d" "posix\mqueue.d" "posix\pthread.d" "posix\pthread_barrier.d" "posix\pthread_cond.d" "posix\pthread_mutex.d" "posix\pthread_rwlock.d" "posix\sched.d" "posix\semaphore.d" "posix\sleep.d" "posix\timer.d" 
Could Not Find C:\Users\Gudni\IgreyptKerfi\freertos_builds_CC3220S_LAUNCHXL_release_gcc\Debug\libfreertos_builds_CC3220S_LAUNCHXL_release_gcc.a
Could Not Find C:\Users\Gudni\IgreyptKerfi\freertos_builds_CC3220S_LAUNCHXL_release_gcc\Debug\dpl\ClockP_freertos.o
Could Not Find C:\Users\Gudni\IgreyptKerfi\freertos_builds_CC3220S_LAUNCHXL_release_gcc\Debug\freertos\croutine.o
Could Not Find C:\Users\Gudni\IgreyptKerfi\freertos_builds_CC3220S_LAUNCHXL_release_gcc\Debug\freertos\portable\GCC\ARM_CM3\port.o
Could Not Find C:\Users\Gudni\IgreyptKerfi\freertos_builds_CC3220S_LAUNCHXL_release_gcc\Debug\freertos\startup\startup_cc32xx_gcc.o
Could Not Find C:\Users\Gudni\IgreyptKerfi\freertos_builds_CC3220S_LAUNCHXL_release_gcc\Debug\posix\clock.o
Could Not Find C:\Users\Gudni\IgreyptKerfi\freertos_builds_CC3220S_LAUNCHXL_release_gcc\Debug\dpl\ClockP_freertos.d
Could Not Find C:\Users\Gudni\IgreyptKerfi\freertos_builds_CC3220S_LAUNCHXL_release_gcc\Debug\freertos\croutine.d
Could Not Find C:\Users\Gudni\IgreyptKerfi\freertos_builds_CC3220S_LAUNCHXL_release_gcc\Debug\freertos\portable\GCC\ARM_CM3\port.d
Could Not Find C:\Users\Gudni\IgreyptKerfi\freertos_builds_CC3220S_LAUNCHXL_release_gcc\Debug\freertos\startup\startup_cc32xx_gcc.d
Could Not Find C:\Users\Gudni\IgreyptKerfi\freertos_builds_CC3220S_LAUNCHXL_release_gcc\Debug\posix\clock.d
Finished clean
 

**** Build Finished ****

**** Clean-only build of configuration Debug for project mqtt_client_CC3220S_LAUNCHXL_freertos_gcc ****

"C:\\ti\\ccs930\\ccs\\utils\\bin\\gmake" -k -j 4 clean -O 
 
DEL /F  "syscfg\ti_drivers_config.h" "syscfg\syscfg_c.rov.xs"  "mqtt_client_CC3220S_LAUNCHXL_freertos_gcc.bin"  "syscfg\ti_drivers_net_wifi_config.c" "syscfg\ti_drivers_config.c"  "mqtt_client_CC3220S_LAUNCHXL_freertos_gcc.out" 
DEL /F "client_cbs.o" "syscfg\ti_drivers_net_wifi_config.o" "syscfg\ti_drivers_config.o" "main_freertos.o" "mqtt_client_app.o" "network_if.o" "uart_term.o" 
DEL /F "client_cbs.d" "syscfg\ti_drivers_net_wifi_config.d" "syscfg\ti_drivers_config.d" "main_freertos.d" "mqtt_client_app.d" "network_if.d" "uart_term.d" 
RMDIR /S/Q  "syscfg\" 
Finished clean
 

**** Build Finished ****

**** Clean-only build of configuration Debug for project mqtt_client_CC3220S_LAUNCHXL_freertos_gcc ****

"C:\\ti\\ccs930\\ccs\\utils\\bin\\gmake" -k -j 4 clean -O 
 
DEL /F  "syscfg\ti_drivers_config.h" "syscfg\syscfg_c.rov.xs"  "mqtt_client_CC3220S_LAUNCHXL_freertos_gcc.bin"  "syscfg\ti_drivers_net_wifi_config.c" "syscfg\ti_drivers_config.c"  "mqtt_client_CC3220S_LAUNCHXL_freertos_gcc.out" 
DEL /F "client_cbs.o" "syscfg\ti_drivers_net_wifi_config.o" "syscfg\ti_drivers_config.o" "main_freertos.o" "mqtt_client_app.o" "network_if.o" "uart_term.o" 
DEL /F "client_cbs.d" "syscfg\ti_drivers_net_wifi_config.d" "syscfg\ti_drivers_config.d" "main_freertos.d" "mqtt_client_app.d" "network_if.d" "uart_term.d" 
RMDIR /S/Q  "syscfg\" 
Finished clean
 

**** Build Finished ****

**** Clean-only build of configuration Debug for project freertos_builds_CC3220S_LAUNCHXL_release_gcc ****

"C:\\ti\\ccs930\\ccs\\utils\\bin\\gmake" -k -j 4 clean -O 
 
DEL /F  "libfreertos_builds_CC3220S_LAUNCHXL_release_gcc.a" 
DEL /F "dpl\ClockP_freertos.o" "dpl\DebugP_freertos.o" "dpl\HwiPCC32XX_freertos.o" "dpl\MutexP_freertos.o" "dpl\PowerCC32XX_freertos.o" "dpl\SemaphoreP_freertos.o" "dpl\SystemP_freertos.o" "freertos\croutine.o" "freertos\event_groups.o" "freertos\heap_4.o" "freertos\list.o" "freertos\queue.o" "freertos\stream_buffer.o" "freertos\tasks.o" "freertos\timers.o" "freertos\portable\GCC\ARM_CM3\port.o" "freertos\startup\startup_cc32xx_gcc.o" "posix\clock.o" "posix\memory.o" "posix\mqueue.o" "posix\pthread.o" "posix\pthread_barrier.o" "posix\pthread_cond.o" "posix\pthread_mutex.o" "posix\pthread_rwlock.o" "posix\sched.o" "posix\semaphore.o" "posix\sleep.o" "posix\timer.o" 
DEL /F "dpl\ClockP_freertos.d" "dpl\DebugP_freertos.d" "dpl\HwiPCC32XX_freertos.d" "dpl\MutexP_freertos.d" "dpl\PowerCC32XX_freertos.d" "dpl\SemaphoreP_freertos.d" "dpl\SystemP_freertos.d" "freertos\croutine.d" "freertos\event_groups.d" "freertos\heap_4.d" "freertos\list.d" "freertos\queue.d" "freertos\stream_buffer.d" "freertos\tasks.d" "freertos\timers.d" "freertos\portable\GCC\ARM_CM3\port.d" "freertos\startup\startup_cc32xx_gcc.d" "posix\clock.d" "posix\memory.d" "posix\mqueue.d" "posix\pthread.d" "posix\pthread_barrier.d" "posix\pthread_cond.d" "posix\pthread_mutex.d" "posix\pthread_rwlock.d" "posix\sched.d" "posix\semaphore.d" "posix\sleep.d" "posix\timer.d" 
Could Not Find C:\Users\Gudni\IgreyptKerfi\freertos_builds_CC3220S_LAUNCHXL_release_gcc\Debug\libfreertos_builds_CC3220S_LAUNCHXL_release_gcc.a
Could Not Find C:\Users\Gudni\IgreyptKerfi\freertos_builds_CC3220S_LAUNCHXL_release_gcc\Debug\dpl\ClockP_freertos.o
Could Not Find C:\Users\Gudni\IgreyptKerfi\freertos_builds_CC3220S_LAUNCHXL_release_gcc\Debug\freertos\croutine.o
Could Not Find C:\Users\Gudni\IgreyptKerfi\freertos_builds_CC3220S_LAUNCHXL_release_gcc\Debug\freertos\portable\GCC\ARM_CM3\port.o
Could Not Find C:\Users\Gudni\IgreyptKerfi\freertos_builds_CC3220S_LAUNCHXL_release_gcc\Debug\freertos\startup\startup_cc32xx_gcc.o
Could Not Find C:\Users\Gudni\IgreyptKerfi\freertos_builds_CC3220S_LAUNCHXL_release_gcc\Debug\posix\clock.o
Could Not Find C:\Users\Gudni\IgreyptKerfi\freertos_builds_CC3220S_LAUNCHXL_release_gcc\Debug\dpl\ClockP_freertos.d
Could Not Find C:\Users\Gudni\IgreyptKerfi\freertos_builds_CC3220S_LAUNCHXL_release_gcc\Debug\freertos\croutine.d
Could Not Find C:\Users\Gudni\IgreyptKerfi\freertos_builds_CC3220S_LAUNCHXL_release_gcc\Debug\freertos\portable\GCC\ARM_CM3\port.d
Could Not Find C:\Users\Gudni\IgreyptKerfi\freertos_builds_CC3220S_LAUNCHXL_release_gcc\Debug\freertos\startup\startup_cc32xx_gcc.d
Could Not Find C:\Users\Gudni\IgreyptKerfi\freertos_builds_CC3220S_LAUNCHXL_release_gcc\Debug\posix\clock.d
Finished clean
 

**** Build Finished ****
Buildfile generation error occurred..
Required variable 'FREERTOS_INSTALL_DIR' cannot be resolved or is pointing to a non-existent location. See 'Preferences > CCS > Build > Variables' page to define this variable before building this project.
Build stopped..

**** Clean-only build of configuration Debug for project mqtt_client_CC3220S_LAUNCHXL_freertos_gcc ****

"C:\\ti\\ccs930\\ccs\\utils\\bin\\gmake" -k -j 4 clean -O 
 
DEL /F  "syscfg\ti_drivers_config.h" "syscfg\syscfg_c.rov.xs"  "mqtt_client_CC3220S_LAUNCHXL_freertos_gcc.bin"  "syscfg\ti_drivers_net_wifi_config.c" "syscfg\ti_drivers_config.c"  "mqtt_client_CC3220S_LAUNCHXL_freertos_gcc.out" 
DEL /F "client_cbs.o" "syscfg\ti_drivers_net_wifi_config.o" "syscfg\ti_drivers_config.o" "main_freertos.o" "mqtt_client_app.o" "network_if.o" "uart_term.o" 
DEL /F "client_cbs.d" "syscfg\ti_drivers_net_wifi_config.d" "syscfg\ti_drivers_config.d" "main_freertos.d" "mqtt_client_app.d" "network_if.d" "uart_term.d" 
RMDIR /S/Q  "syscfg\" 
Finished clean
 

**** Build Finished ****
Buildfile generation error occurred..
Required variable 'FREERTOS_INSTALL_DIR' cannot be resolved or is pointing to a non-existent location. See 'Preferences > CCS > Build > Variables' page to define this variable before building this project.
Build stopped..

**** Clean-only build of configuration Debug for project freertos_builds_CC3220S_LAUNCHXL_release_gcc ****

"C:\\ti\\ccs930\\ccs\\utils\\bin\\gmake" -k -j 4 clean -O 
 
DEL /F  "libfreertos_builds_CC3220S_LAUNCHXL_release_gcc.a" 
DEL /F "dpl\ClockP_freertos.o" "dpl\DebugP_freertos.o" "dpl\HwiPCC32XX_freertos.o" "dpl\MutexP_freertos.o" "dpl\PowerCC32XX_freertos.o" "dpl\SemaphoreP_freertos.o" "dpl\SystemP_freertos.o" "freertos\croutine.o" "freertos\event_groups.o" "freertos\heap_4.o" "freertos\list.o" "freertos\queue.o" "freertos\stream_buffer.o" "freertos\tasks.o" "freertos\timers.o" "freertos\portable\GCC\ARM_CM3\port.o" "freertos\startup\startup_cc32xx_gcc.o" "posix\clock.o" "posix\memory.o" "posix\mqueue.o" "posix\pthread.o" "posix\pthread_barrier.o" "posix\pthread_cond.o" "posix\pthread_mutex.o" "posix\pthread_rwlock.o" "posix\sched.o" "posix\semaphore.o" "posix\sleep.o" "posix\timer.o" 
DEL /F "dpl\ClockP_freertos.d" "dpl\DebugP_freertos.d" "dpl\HwiPCC32XX_freertos.d" "dpl\MutexP_freertos.d" "dpl\PowerCC32XX_freertos.d" "dpl\SemaphoreP_freertos.d" "dpl\SystemP_freertos.d" "freertos\croutine.d" "freertos\event_groups.d" "freertos\heap_4.d" "freertos\list.d" "freertos\queue.d" "freertos\stream_buffer.d" "freertos\tasks.d" "freertos\timers.d" "freertos\portable\GCC\ARM_CM3\port.d" "freertos\startup\startup_cc32xx_gcc.d" "posix\clock.d" "posix\memory.d" "posix\mqueue.d" "posix\pthread.d" "posix\pthread_barrier.d" "posix\pthread_cond.d" "posix\pthread_mutex.d" "posix\pthread_rwlock.d" "posix\sched.d" "posix\semaphore.d" "posix\sleep.d" "posix\timer.d" 
Could Not Find C:\Users\Gudni\IgreyptKerfi\freertos_builds_CC3220S_LAUNCHXL_release_gcc\Debug\libfreertos_builds_CC3220S_LAUNCHXL_release_gcc.a
Could Not Find C:\Users\Gudni\IgreyptKerfi\freertos_builds_CC3220S_LAUNCHXL_release_gcc\Debug\dpl\ClockP_freertos.o
Could Not Find C:\Users\Gudni\IgreyptKerfi\freertos_builds_CC3220S_LAUNCHXL_release_gcc\Debug\freertos\croutine.o
Could Not Find C:\Users\Gudni\IgreyptKerfi\freertos_builds_CC3220S_LAUNCHXL_release_gcc\Debug\freertos\portable\GCC\ARM_CM3\port.o
Could Not Find C:\Users\Gudni\IgreyptKerfi\freertos_builds_CC3220S_LAUNCHXL_release_gcc\Debug\freertos\startup\startup_cc32xx_gcc.o
Could Not Find C:\Users\Gudni\IgreyptKerfi\freertos_builds_CC3220S_LAUNCHXL_release_gcc\Debug\posix\clock.o
Could Not Find C:\Users\Gudni\IgreyptKerfi\freertos_builds_CC3220S_LAUNCHXL_release_gcc\Debug\dpl\ClockP_freertos.d
Could Not Find C:\Users\Gudni\IgreyptKerfi\freertos_builds_CC3220S_LAUNCHXL_release_gcc\Debug\freertos\croutine.d
Could Not Find C:\Users\Gudni\IgreyptKerfi\freertos_builds_CC3220S_LAUNCHXL_release_gcc\Debug\freertos\portable\GCC\ARM_CM3\port.d
Could Not Find C:\Users\Gudni\IgreyptKerfi\freertos_builds_CC3220S_LAUNCHXL_release_gcc\Debug\freertos\startup\startup_cc32xx_gcc.d
Could Not Find C:\Users\Gudni\IgreyptKerfi\freertos_builds_CC3220S_LAUNCHXL_release_gcc\Debug\posix\clock.d
Finished clean
 

**** Build Finished ****
Buildfile generation error occurred..
Required variable 'FREERTOS_INSTALL_DIR' cannot be resolved or is pointing to a non-existent location. See 'Preferences > CCS > Build > Variables' page to define this variable before building this project.
Build stopped..

**** Clean-only build of configuration Debug for project mqtt_client_CC3220S_LAUNCHXL_freertos_gcc ****

"C:\\ti\\ccs930\\ccs\\utils\\bin\\gmake" -k -j 4 clean -O 
 
DEL /F  "syscfg\ti_drivers_config.h" "syscfg\syscfg_c.rov.xs"  "mqtt_client_CC3220S_LAUNCHXL_freertos_gcc.bin"  "syscfg\ti_drivers_net_wifi_config.c" "syscfg\ti_drivers_config.c"  "mqtt_client_CC3220S_LAUNCHXL_freertos_gcc.out" 
DEL /F "client_cbs.o" "syscfg\ti_drivers_net_wifi_config.o" "syscfg\ti_drivers_config.o" "main_freertos.o" "mqtt_client_app.o" "network_if.o" "uart_term.o" 
DEL /F "client_cbs.d" "syscfg\ti_drivers_net_wifi_config.d" "syscfg\ti_drivers_config.d" "main_freertos.d" "mqtt_client_app.d" "network_if.d" "uart_term.d" 
RMDIR /S/Q  "syscfg\" 
Finished clean
 

**** Build Finished ****
Buildfile generation error occurred..
Required variable 'FREERTOS_INSTALL_DIR' cannot be resolved or is pointing to a non-existent location. See 'Preferences > CCS > Build > Variables' page to define this variable before building this project.
Build stopped..

**** Clean-only build of configuration Debug for project freertos_builds_CC3220S_LAUNCHXL_release_gcc ****

"C:\\ti\\ccs930\\ccs\\utils\\bin\\gmake" -k -j 4 clean -O 
 
DEL /F  "libfreertos_builds_CC3220S_LAUNCHXL_release_gcc.a" 
DEL /F "dpl\ClockP_freertos.o" "dpl\DebugP_freertos.o" "dpl\HwiPCC32XX_freertos.o" "dpl\MutexP_freertos.o" "dpl\PowerCC32XX_freertos.o" "dpl\SemaphoreP_freertos.o" "dpl\SystemP_freertos.o" "freertos\croutine.o" "freertos\event_groups.o" "freertos\heap_4.o" "freertos\list.o" "freertos\queue.o" "freertos\stream_buffer.o" "freertos\tasks.o" "freertos\timers.o" "freertos\portable\GCC\ARM_CM3\port.o" "freertos\startup\startup_cc32xx_gcc.o" "posix\clock.o" "posix\memory.o" "posix\mqueue.o" "posix\pthread.o" "posix\pthread_barrier.o" "posix\pthread_cond.o" "posix\pthread_mutex.o" "posix\pthread_rwlock.o" "posix\sched.o" "posix\semaphore.o" "posix\sleep.o" "posix\timer.o" 
DEL /F "dpl\ClockP_freertos.d" "dpl\DebugP_freertos.d" "dpl\HwiPCC32XX_freertos.d" "dpl\MutexP_freertos.d" "dpl\PowerCC32XX_freertos.d" "dpl\SemaphoreP_freertos.d" "dpl\SystemP_freertos.d" "freertos\croutine.d" "freertos\event_groups.d" "freertos\heap_4.d" "freertos\list.d" "freertos\queue.d" "freertos\stream_buffer.d" "freertos\tasks.d" "freertos\timers.d" "freertos\portable\GCC\ARM_CM3\port.d" "freertos\startup\startup_cc32xx_gcc.d" "posix\clock.d" "posix\memory.d" "posix\mqueue.d" "posix\pthread.d" "posix\pthread_barrier.d" "posix\pthread_cond.d" "posix\pthread_mutex.d" "posix\pthread_rwlock.d" "posix\sched.d" "posix\semaphore.d" "posix\sleep.d" "posix\timer.d" 
Could Not Find C:\Users\Gudni\IgreyptKerfi\freertos_builds_CC3220S_LAUNCHXL_release_gcc\Debug\libfreertos_builds_CC3220S_LAUNCHXL_release_gcc.a
Could Not Find C:\Users\Gudni\IgreyptKerfi\freertos_builds_CC3220S_LAUNCHXL_release_gcc\Debug\dpl\ClockP_freertos.o
Could Not Find C:\Users\Gudni\IgreyptKerfi\freertos_builds_CC3220S_LAUNCHXL_release_gcc\Debug\freertos\croutine.o
Could Not Find C:\Users\Gudni\IgreyptKerfi\freertos_builds_CC3220S_LAUNCHXL_release_gcc\Debug\freertos\portable\GCC\ARM_CM3\port.o
Could Not Find C:\Users\Gudni\IgreyptKerfi\freertos_builds_CC3220S_LAUNCHXL_release_gcc\Debug\freertos\startup\startup_cc32xx_gcc.o
Could Not Find C:\Users\Gudni\IgreyptKerfi\freertos_builds_CC3220S_LAUNCHXL_release_gcc\Debug\posix\clock.o
Could Not Find C:\Users\Gudni\IgreyptKerfi\freertos_builds_CC3220S_LAUNCHXL_release_gcc\Debug\dpl\ClockP_freertos.d
Could Not Find C:\Users\Gudni\IgreyptKerfi\freertos_builds_CC3220S_LAUNCHXL_release_gcc\Debug\freertos\croutine.d
Could Not Find C:\Users\Gudni\IgreyptKerfi\freertos_builds_CC3220S_LAUNCHXL_release_gcc\Debug\freertos\portable\GCC\ARM_CM3\port.d
Could Not Find C:\Users\Gudni\IgreyptKerfi\freertos_builds_CC3220S_LAUNCHXL_release_gcc\Debug\freertos\startup\startup_cc32xx_gcc.d
Could Not Find C:\Users\Gudni\IgreyptKerfi\freertos_builds_CC3220S_LAUNCHXL_release_gcc\Debug\posix\clock.d
Finished clean
 

**** Build Finished ****

**** Build of configuration Debug for project freertos_builds_CC3220S_LAUNCHXL_release_gcc ****

"C:\\ti\\ccs930\\ccs\\utils\\bin\\gmake" -k -j 4 all -O 
 
Building file: "C:/ti/simplelink_cc32xx_sdk_3_30_01_02/kernel/freertos/dpl/ClockP_freertos.c"
Invoking: GNU Compiler
"C:/ti/ccs930/ccs/tools/compiler/gcc-arm-none-eabi-7-2017-q4-major-win32/bin/arm-none-eabi-gcc-7.2.1.exe" -c -mcpu=cortex-m4 -march=armv7e-m -mthumb -mfloat-abi=soft -Dgcc -DCC32XXWARE -I"C:/Users/Gudni/IgreyptKerfi/freertos_builds_CC3220S_LAUNCHXL_release_gcc" -I"C:/Users/Gudni/Documents/igreyptkerfi_hopurB/FreeRTOSv10.2.1_191129/FreeRTOS/Source/include" -I"C:/Users/Gudni/Documents/igreyptkerfi_hopurB/FreeRTOSv10.2.1_191129/FreeRTOS/Source/portable/GCC/ARM_CM3" -I"C:/ti/simplelink_cc32xx_sdk_3_30_01_02/source/ti/posix/gcc" -I"C:/ti/simplelink_cc32xx_sdk_3_30_01_02/source" -I"C:/ti/ccs930/ccs/tools/compiler/gcc-arm-none-eabi-7-2017-q4-major-win32/arm-none-eabi/include/newlib-nano" -I"C:/ti/ccs930/ccs/tools/compiler/gcc-arm-none-eabi-7-2017-q4-major-win32/arm-none-eabi/include" -ffunction-sections -fdata-sections -g -gdwarf-3 -gstrict-dwarf -Wall -fno-builtin-malloc --specs=nano.specs -MMD -MP -MF"dpl/ClockP_freertos.d" -MT"dpl/ClockP_freertos.o" -std=c99  -o"dpl/ClockP_freertos.o" "C:/ti/simplelink_cc32xx_sdk_3_30_01_02/kernel/freertos/dpl/ClockP_freertos.c"
Finished building: "C:/ti/simplelink_cc32xx_sdk_3_30_01_02/kernel/freertos/dpl/ClockP_freertos.c"
 
Building file: "C:/ti/simplelink_cc32xx_sdk_3_30_01_02/kernel/freertos/dpl/DebugP_freertos.c"
Invoking: GNU Compiler
"C:/ti/ccs930/ccs/tools/compiler/gcc-arm-none-eabi-7-2017-q4-major-win32/bin/arm-none-eabi-gcc-7.2.1.exe" -c -mcpu=cortex-m4 -march=armv7e-m -mthumb -mfloat-abi=soft -Dgcc -DCC32XXWARE -I"C:/Users/Gudni/IgreyptKerfi/freertos_builds_CC3220S_LAUNCHXL_release_gcc" -I"C:/Users/Gudni/Documents/igreyptkerfi_hopurB/FreeRTOSv10.2.1_191129/FreeRTOS/Source/include" -I"C:/Users/Gudni/Documents/igreyptkerfi_hopurB/FreeRTOSv10.2.1_191129/FreeRTOS/Source/portable/GCC/ARM_CM3" -I"C:/ti/simplelink_cc32xx_sdk_3_30_01_02/source/ti/posix/gcc" -I"C:/ti/simplelink_cc32xx_sdk_3_30_01_02/source" -I"C:/ti/ccs930/ccs/tools/compiler/gcc-arm-none-eabi-7-2017-q4-major-win32/arm-none-eabi/include/newlib-nano" -I"C:/ti/ccs930/ccs/tools/compiler/gcc-arm-none-eabi-7-2017-q4-major-win32/arm-none-eabi/include" -ffunction-sections -fdata-sections -g -gdwarf-3 -gstrict-dwarf -Wall -fno-builtin-malloc --specs=nano.specs -MMD -MP -MF"dpl/DebugP_freertos.d" -MT"dpl/DebugP_freertos.o" -std=c99  -o"dpl/DebugP_freertos.o" "C:/ti/simplelink_cc32xx_sdk_3_30_01_02/kernel/freertos/dpl/DebugP_freertos.c"
Finished building: "C:/ti/simplelink_cc32xx_sdk_3_30_01_02/kernel/freertos/dpl/DebugP_freertos.c"
 
Building file: "C:/ti/simplelink_cc32xx_sdk_3_30_01_02/kernel/freertos/dpl/HwiPCC32XX_freertos.c"
Invoking: GNU Compiler
"C:/ti/ccs930/ccs/tools/compiler/gcc-arm-none-eabi-7-2017-q4-major-win32/bin/arm-none-eabi-gcc-7.2.1.exe" -c -mcpu=cortex-m4 -march=armv7e-m -mthumb -mfloat-abi=soft -Dgcc -DCC32XXWARE -I"C:/Users/Gudni/IgreyptKerfi/freertos_builds_CC3220S_LAUNCHXL_release_gcc" -I"C:/Users/Gudni/Documents/igreyptkerfi_hopurB/FreeRTOSv10.2.1_191129/FreeRTOS/Source/include" -I"C:/Users/Gudni/Documents/igreyptkerfi_hopurB/FreeRTOSv10.2.1_191129/FreeRTOS/Source/portable/GCC/ARM_CM3" -I"C:/ti/simplelink_cc32xx_sdk_3_30_01_02/source/ti/posix/gcc" -I"C:/ti/simplelink_cc32xx_sdk_3_30_01_02/source" -I"C:/ti/ccs930/ccs/tools/compiler/gcc-arm-none-eabi-7-2017-q4-major-win32/arm-none-eabi/include/newlib-nano" -I"C:/ti/ccs930/ccs/tools/compiler/gcc-arm-none-eabi-7-2017-q4-major-win32/arm-none-eabi/include" -ffunction-sections -fdata-sections -g -gdwarf-3 -gstrict-dwarf -Wall -fno-builtin-malloc --specs=nano.specs -MMD -MP -MF"dpl/HwiPCC32XX_freertos.d" -MT"dpl/HwiPCC32XX_freertos.o" -std=c99  -o"dpl/HwiPCC32XX_freertos.o" "C:/ti/simplelink_cc32xx_sdk_3_30_01_02/kernel/freertos/dpl/HwiPCC32XX_freertos.c"
Finished building: "C:/ti/simplelink_cc32xx_sdk_3_30_01_02/kernel/freertos/dpl/HwiPCC32XX_freertos.c"
 
Building file: "C:/ti/simplelink_cc32xx_sdk_3_30_01_02/kernel/freertos/dpl/MutexP_freertos.c"
Invoking: GNU Compiler
"C:/ti/ccs930/ccs/tools/compiler/gcc-arm-none-eabi-7-2017-q4-major-win32/bin/arm-none-eabi-gcc-7.2.1.exe" -c -mcpu=cortex-m4 -march=armv7e-m -mthumb -mfloat-abi=soft -Dgcc -DCC32XXWARE -I"C:/Users/Gudni/IgreyptKerfi/freertos_builds_CC3220S_LAUNCHXL_release_gcc" -I"C:/Users/Gudni/Documents/igreyptkerfi_hopurB/FreeRTOSv10.2.1_191129/FreeRTOS/Source/include" -I"C:/Users/Gudni/Documents/igreyptkerfi_hopurB/FreeRTOSv10.2.1_191129/FreeRTOS/Source/portable/GCC/ARM_CM3" -I"C:/ti/simplelink_cc32xx_sdk_3_30_01_02/source/ti/posix/gcc" -I"C:/ti/simplelink_cc32xx_sdk_3_30_01_02/source" -I"C:/ti/ccs930/ccs/tools/compiler/gcc-arm-none-eabi-7-2017-q4-major-win32/arm-none-eabi/include/newlib-nano" -I"C:/ti/ccs930/ccs/tools/compiler/gcc-arm-none-eabi-7-2017-q4-major-win32/arm-none-eabi/include" -ffunction-sections -fdata-sections -g -gdwarf-3 -gstrict-dwarf -Wall -fno-builtin-malloc --specs=nano.specs -MMD -MP -MF"dpl/MutexP_freertos.d" -MT"dpl/MutexP_freertos.o" -std=c99  -o"dpl/MutexP_freertos.o" "C:/ti/simplelink_cc32xx_sdk_3_30_01_02/kernel/freertos/dpl/MutexP_freertos.c"
Finished building: "C:/ti/simplelink_cc32xx_sdk_3_30_01_02/kernel/freertos/dpl/MutexP_freertos.c"
 
Building file: "C:/ti/simplelink_cc32xx_sdk_3_30_01_02/kernel/freertos/dpl/SemaphoreP_freertos.c"
Invoking: GNU Compiler
"C:/ti/ccs930/ccs/tools/compiler/gcc-arm-none-eabi-7-2017-q4-major-win32/bin/arm-none-eabi-gcc-7.2.1.exe" -c -mcpu=cortex-m4 -march=armv7e-m -mthumb -mfloat-abi=soft -Dgcc -DCC32XXWARE -I"C:/Users/Gudni/IgreyptKerfi/freertos_builds_CC3220S_LAUNCHXL_release_gcc" -I"C:/Users/Gudni/Documents/igreyptkerfi_hopurB/FreeRTOSv10.2.1_191129/FreeRTOS/Source/include" -I"C:/Users/Gudni/Documents/igreyptkerfi_hopurB/FreeRTOSv10.2.1_191129/FreeRTOS/Source/portable/GCC/ARM_CM3" -I"C:/ti/simplelink_cc32xx_sdk_3_30_01_02/source/ti/posix/gcc" -I"C:/ti/simplelink_cc32xx_sdk_3_30_01_02/source" -I"C:/ti/ccs930/ccs/tools/compiler/gcc-arm-none-eabi-7-2017-q4-major-win32/arm-none-eabi/include/newlib-nano" -I"C:/ti/ccs930/ccs/tools/compiler/gcc-arm-none-eabi-7-2017-q4-major-win32/arm-none-eabi/include" -ffunction-sections -fdata-sections -g -gdwarf-3 -gstrict-dwarf -Wall -fno-builtin-malloc --specs=nano.specs -MMD -MP -MF"dpl/SemaphoreP_freertos.d" -MT"dpl/SemaphoreP_freertos.o" -std=c99  -o"dpl/SemaphoreP_freertos.o" "C:/ti/simplelink_cc32xx_sdk_3_30_01_02/kernel/freertos/dpl/SemaphoreP_freertos.c"
Finished building: "C:/ti/simplelink_cc32xx_sdk_3_30_01_02/kernel/freertos/dpl/SemaphoreP_freertos.c"
 
Building file: "C:/ti/simplelink_cc32xx_sdk_3_30_01_02/kernel/freertos/dpl/PowerCC32XX_freertos.c"
Invoking: GNU Compiler
"C:/ti/ccs930/ccs/tools/compiler/gcc-arm-none-eabi-7-2017-q4-major-win32/bin/arm-none-eabi-gcc-7.2.1.exe" -c -mcpu=cortex-m4 -march=armv7e-m -mthumb -mfloat-abi=soft -Dgcc -DCC32XXWARE -I"C:/Users/Gudni/IgreyptKerfi/freertos_builds_CC3220S_LAUNCHXL_release_gcc" -I"C:/Users/Gudni/Documents/igreyptkerfi_hopurB/FreeRTOSv10.2.1_191129/FreeRTOS/Source/include" -I"C:/Users/Gudni/Documents/igreyptkerfi_hopurB/FreeRTOSv10.2.1_191129/FreeRTOS/Source/portable/GCC/ARM_CM3" -I"C:/ti/simplelink_cc32xx_sdk_3_30_01_02/source/ti/posix/gcc" -I"C:/ti/simplelink_cc32xx_sdk_3_30_01_02/source" -I"C:/ti/ccs930/ccs/tools/compiler/gcc-arm-none-eabi-7-2017-q4-major-win32/arm-none-eabi/include/newlib-nano" -I"C:/ti/ccs930/ccs/tools/compiler/gcc-arm-none-eabi-7-2017-q4-major-win32/arm-none-eabi/include" -ffunction-sections -fdata-sections -g -gdwarf-3 -gstrict-dwarf -Wall -fno-builtin-malloc --specs=nano.specs -MMD -MP -MF"dpl/PowerCC32XX_freertos.d" -MT"dpl/PowerCC32XX_freertos.o" -std=c99  -o"dpl/PowerCC32XX_freertos.o" "C:/ti/simplelink_cc32xx_sdk_3_30_01_02/kernel/freertos/dpl/PowerCC32XX_freertos.c"
Finished building: "C:/ti/simplelink_cc32xx_sdk_3_30_01_02/kernel/freertos/dpl/PowerCC32XX_freertos.c"
 
Building file: "C:/ti/simplelink_cc32xx_sdk_3_30_01_02/kernel/freertos/dpl/SystemP_freertos.c"
Invoking: GNU Compiler
"C:/ti/ccs930/ccs/tools/compiler/gcc-arm-none-eabi-7-2017-q4-major-win32/bin/arm-none-eabi-gcc-7.2.1.exe" -c -mcpu=cortex-m4 -march=armv7e-m -mthumb -mfloat-abi=soft -Dgcc -DCC32XXWARE -I"C:/Users/Gudni/IgreyptKerfi/freertos_builds_CC3220S_LAUNCHXL_release_gcc" -I"C:/Users/Gudni/Documents/igreyptkerfi_hopurB/FreeRTOSv10.2.1_191129/FreeRTOS/Source/include" -I"C:/Users/Gudni/Documents/igreyptkerfi_hopurB/FreeRTOSv10.2.1_191129/FreeRTOS/Source/portable/GCC/ARM_CM3" -I"C:/ti/simplelink_cc32xx_sdk_3_30_01_02/source/ti/posix/gcc" -I"C:/ti/simplelink_cc32xx_sdk_3_30_01_02/source" -I"C:/ti/ccs930/ccs/tools/compiler/gcc-arm-none-eabi-7-2017-q4-major-win32/arm-none-eabi/include/newlib-nano" -I"C:/ti/ccs930/ccs/tools/compiler/gcc-arm-none-eabi-7-2017-q4-major-win32/arm-none-eabi/include" -ffunction-sections -fdata-sections -g -gdwarf-3 -gstrict-dwarf -Wall -fno-builtin-malloc --specs=nano.specs -MMD -MP -MF"dpl/SystemP_freertos.d" -MT"dpl/SystemP_freertos.o" -std=c99  -o"dpl/SystemP_freertos.o" "C:/ti/simplelink_cc32xx_sdk_3_30_01_02/kernel/freertos/dpl/SystemP_freertos.c"
Finished building: "C:/ti/simplelink_cc32xx_sdk_3_30_01_02/kernel/freertos/dpl/SystemP_freertos.c"
 
Building file: "C:/Users/Gudni/Documents/igreyptkerfi_hopurB/FreeRTOSv10.2.1_191129/FreeRTOS/Source/croutine.c"
Invoking: GNU Compiler
"C:/ti/ccs930/ccs/tools/compiler/gcc-arm-none-eabi-7-2017-q4-major-win32/bin/arm-none-eabi-gcc-7.2.1.exe" -c -mcpu=cortex-m4 -march=armv7e-m -mthumb -mfloat-abi=soft -Dgcc -DCC32XXWARE -I"C:/Users/Gudni/IgreyptKerfi/freertos_builds_CC3220S_LAUNCHXL_release_gcc" -I"C:/Users/Gudni/Documents/igreyptkerfi_hopurB/FreeRTOSv10.2.1_191129/FreeRTOS/Source/include" -I"C:/Users/Gudni/Documents/igreyptkerfi_hopurB/FreeRTOSv10.2.1_191129/FreeRTOS/Source/portable/GCC/ARM_CM3" -I"C:/ti/simplelink_cc32xx_sdk_3_30_01_02/source/ti/posix/gcc" -I"C:/ti/simplelink_cc32xx_sdk_3_30_01_02/source" -I"C:/ti/ccs930/ccs/tools/compiler/gcc-arm-none-eabi-7-2017-q4-major-win32/arm-none-eabi/include/newlib-nano" -I"C:/ti/ccs930/ccs/tools/compiler/gcc-arm-none-eabi-7-2017-q4-major-win32/arm-none-eabi/include" -ffunction-sections -fdata-sections -g -gdwarf-3 -gstrict-dwarf -Wall -fno-builtin-malloc --specs=nano.specs -MMD -MP -MF"freertos/croutine.d" -MT"freertos/croutine.o" -std=c99  -o"freertos/croutine.o" "C:/Users/Gudni/Documents/igreyptkerfi_hopurB/FreeRTOSv10.2.1_191129/FreeRTOS/Source/croutine.c"
Finished building: "C:/Users/Gudni/Documents/igreyptkerfi_hopurB/FreeRTOSv10.2.1_191129/FreeRTOS/Source/croutine.c"
 
Building file: "C:/Users/Gudni/Documents/igreyptkerfi_hopurB/FreeRTOSv10.2.1_191129/FreeRTOS/Source/event_groups.c"
Invoking: GNU Compiler
"C:/ti/ccs930/ccs/tools/compiler/gcc-arm-none-eabi-7-2017-q4-major-win32/bin/arm-none-eabi-gcc-7.2.1.exe" -c -mcpu=cortex-m4 -march=armv7e-m -mthumb -mfloat-abi=soft -Dgcc -DCC32XXWARE -I"C:/Users/Gudni/IgreyptKerfi/freertos_builds_CC3220S_LAUNCHXL_release_gcc" -I"C:/Users/Gudni/Documents/igreyptkerfi_hopurB/FreeRTOSv10.2.1_191129/FreeRTOS/Source/include" -I"C:/Users/Gudni/Documents/igreyptkerfi_hopurB/FreeRTOSv10.2.1_191129/FreeRTOS/Source/portable/GCC/ARM_CM3" -I"C:/ti/simplelink_cc32xx_sdk_3_30_01_02/source/ti/posix/gcc" -I"C:/ti/simplelink_cc32xx_sdk_3_30_01_02/source" -I"C:/ti/ccs930/ccs/tools/compiler/gcc-arm-none-eabi-7-2017-q4-major-win32/arm-none-eabi/include/newlib-nano" -I"C:/ti/ccs930/ccs/tools/compiler/gcc-arm-none-eabi-7-2017-q4-major-win32/arm-none-eabi/include" -ffunction-sections -fdata-sections -g -gdwarf-3 -gstrict-dwarf -Wall -fno-builtin-malloc --specs=nano.specs -MMD -MP -MF"freertos/event_groups.d" -MT"freertos/event_groups.o" -std=c99  -o"freertos/event_groups.o" "C:/Users/Gudni/Documents/igreyptkerfi_hopurB/FreeRTOSv10.2.1_191129/FreeRTOS/Source/event_groups.c"
Finished building: "C:/Users/Gudni/Documents/igreyptkerfi_hopurB/FreeRTOSv10.2.1_191129/FreeRTOS/Source/event_groups.c"
 
Building file: "C:/Users/Gudni/Documents/igreyptkerfi_hopurB/FreeRTOSv10.2.1_191129/FreeRTOS/Source/portable/MemMang/heap_4.c"
Invoking: GNU Compiler
"C:/ti/ccs930/ccs/tools/compiler/gcc-arm-none-eabi-7-2017-q4-major-win32/bin/arm-none-eabi-gcc-7.2.1.exe" -c -mcpu=cortex-m4 -march=armv7e-m -mthumb -mfloat-abi=soft -Dgcc -DCC32XXWARE -I"C:/Users/Gudni/IgreyptKerfi/freertos_builds_CC3220S_LAUNCHXL_release_gcc" -I"C:/Users/Gudni/Documents/igreyptkerfi_hopurB/FreeRTOSv10.2.1_191129/FreeRTOS/Source/include" -I"C:/Users/Gudni/Documents/igreyptkerfi_hopurB/FreeRTOSv10.2.1_191129/FreeRTOS/Source/portable/GCC/ARM_CM3" -I"C:/ti/simplelink_cc32xx_sdk_3_30_01_02/source/ti/posix/gcc" -I"C:/ti/simplelink_cc32xx_sdk_3_30_01_02/source" -I"C:/ti/ccs930/ccs/tools/compiler/gcc-arm-none-eabi-7-2017-q4-major-win32/arm-none-eabi/include/newlib-nano" -I"C:/ti/ccs930/ccs/tools/compiler/gcc-arm-none-eabi-7-2017-q4-major-win32/arm-none-eabi/include" -ffunction-sections -fdata-sections -g -gdwarf-3 -gstrict-dwarf -Wall -fno-builtin-malloc --specs=nano.specs -MMD -MP -MF"freertos/heap_4.d" -MT"freertos/heap_4.o" -std=c99  -o"freertos/heap_4.o" "C:/Users/Gudni/Documents/igreyptkerfi_hopurB/FreeRTOSv10.2.1_191129/FreeRTOS/Source/portable/MemMang/heap_4.c"
Finished building: "C:/Users/Gudni/Documents/igreyptkerfi_hopurB/FreeRTOSv10.2.1_191129/FreeRTOS/Source/portable/MemMang/heap_4.c"
 
Building file: "C:/Users/Gudni/Documents/igreyptkerfi_hopurB/FreeRTOSv10.2.1_191129/FreeRTOS/Source/list.c"
Invoking: GNU Compiler
"C:/ti/ccs930/ccs/tools/compiler/gcc-arm-none-eabi-7-2017-q4-major-win32/bin/arm-none-eabi-gcc-7.2.1.exe" -c -mcpu=cortex-m4 -march=armv7e-m -mthumb -mfloat-abi=soft -Dgcc -DCC32XXWARE -I"C:/Users/Gudni/IgreyptKerfi/freertos_builds_CC3220S_LAUNCHXL_release_gcc" -I"C:/Users/Gudni/Documents/igreyptkerfi_hopurB/FreeRTOSv10.2.1_191129/FreeRTOS/Source/include" -I"C:/Users/Gudni/Documents/igreyptkerfi_hopurB/FreeRTOSv10.2.1_191129/FreeRTOS/Source/portable/GCC/ARM_CM3" -I"C:/ti/simplelink_cc32xx_sdk_3_30_01_02/source/ti/posix/gcc" -I"C:/ti/simplelink_cc32xx_sdk_3_30_01_02/source" -I"C:/ti/ccs930/ccs/tools/compiler/gcc-arm-none-eabi-7-2017-q4-major-win32/arm-none-eabi/include/newlib-nano" -I"C:/ti/ccs930/ccs/tools/compiler/gcc-arm-none-eabi-7-2017-q4-major-win32/arm-none-eabi/include" -ffunction-sections -fdata-sections -g -gdwarf-3 -gstrict-dwarf -Wall -fno-builtin-malloc --specs=nano.specs -MMD -MP -MF"freertos/list.d" -MT"freertos/list.o" -std=c99  -o"freertos/list.o" "C:/Users/Gudni/Documents/igreyptkerfi_hopurB/FreeRTOSv10.2.1_191129/FreeRTOS/Source/list.c"
Finished building: "C:/Users/Gudni/Documents/igreyptkerfi_hopurB/FreeRTOSv10.2.1_191129/FreeRTOS/Source/list.c"
 
Building file: "C:/Users/Gudni/Documents/igreyptkerfi_hopurB/FreeRTOSv10.2.1_191129/FreeRTOS/Source/queue.c"
Invoking: GNU Compiler
"C:/ti/ccs930/ccs/tools/compiler/gcc-arm-none-eabi-7-2017-q4-major-win32/bin/arm-none-eabi-gcc-7.2.1.exe" -c -mcpu=cortex-m4 -march=armv7e-m -mthumb -mfloat-abi=soft -Dgcc -DCC32XXWARE -I"C:/Users/Gudni/IgreyptKerfi/freertos_builds_CC3220S_LAUNCHXL_release_gcc" -I"C:/Users/Gudni/Documents/igreyptkerfi_hopurB/FreeRTOSv10.2.1_191129/FreeRTOS/Source/include" -I"C:/Users/Gudni/Documents/igreyptkerfi_hopurB/FreeRTOSv10.2.1_191129/FreeRTOS/Source/portable/GCC/ARM_CM3" -I"C:/ti/simplelink_cc32xx_sdk_3_30_01_02/source/ti/posix/gcc" -I"C:/ti/simplelink_cc32xx_sdk_3_30_01_02/source" -I"C:/ti/ccs930/ccs/tools/compiler/gcc-arm-none-eabi-7-2017-q4-major-win32/arm-none-eabi/include/newlib-nano" -I"C:/ti/ccs930/ccs/tools/compiler/gcc-arm-none-eabi-7-2017-q4-major-win32/arm-none-eabi/include" -ffunction-sections -fdata-sections -g -gdwarf-3 -gstrict-dwarf -Wall -fno-builtin-malloc --specs=nano.specs -MMD -MP -MF"freertos/queue.d" -MT"freertos/queue.o" -std=c99  -o"freertos/queue.o" "C:/Users/Gudni/Documents/igreyptkerfi_hopurB/FreeRTOSv10.2.1_191129/FreeRTOS/Source/queue.c"
Finished building: "C:/Users/Gudni/Documents/igreyptkerfi_hopurB/FreeRTOSv10.2.1_191129/FreeRTOS/Source/queue.c"
 
Building file: "C:/Users/Gudni/Documents/igreyptkerfi_hopurB/FreeRTOSv10.2.1_191129/FreeRTOS/Source/stream_buffer.c"
Invoking: GNU Compiler
"C:/ti/ccs930/ccs/tools/compiler/gcc-arm-none-eabi-7-2017-q4-major-win32/bin/arm-none-eabi-gcc-7.2.1.exe" -c -mcpu=cortex-m4 -march=armv7e-m -mthumb -mfloat-abi=soft -Dgcc -DCC32XXWARE -I"C:/Users/Gudni/IgreyptKerfi/freertos_builds_CC3220S_LAUNCHXL_release_gcc" -I"C:/Users/Gudni/Documents/igreyptkerfi_hopurB/FreeRTOSv10.2.1_191129/FreeRTOS/Source/include" -I"C:/Users/Gudni/Documents/igreyptkerfi_hopurB/FreeRTOSv10.2.1_191129/FreeRTOS/Source/portable/GCC/ARM_CM3" -I"C:/ti/simplelink_cc32xx_sdk_3_30_01_02/source/ti/posix/gcc" -I"C:/ti/simplelink_cc32xx_sdk_3_30_01_02/source" -I"C:/ti/ccs930/ccs/tools/compiler/gcc-arm-none-eabi-7-2017-q4-major-win32/arm-none-eabi/include/newlib-nano" -I"C:/ti/ccs930/ccs/tools/compiler/gcc-arm-none-eabi-7-2017-q4-major-win32/arm-none-eabi/include" -ffunction-sections -fdata-sections -g -gdwarf-3 -gstrict-dwarf -Wall -fno-builtin-malloc --specs=nano.specs -MMD -MP -MF"freertos/stream_buffer.d" -MT"freertos/stream_buffer.o" -std=c99  -o"freertos/stream_buffer.o" "C:/Users/Gudni/Documents/igreyptkerfi_hopurB/FreeRTOSv10.2.1_191129/FreeRTOS/Source/stream_buffer.c"
Finished building: "C:/Users/Gudni/Documents/igreyptkerfi_hopurB/FreeRTOSv10.2.1_191129/FreeRTOS/Source/stream_buffer.c"
 
Building file: "C:/Users/Gudni/Documents/igreyptkerfi_hopurB/FreeRTOSv10.2.1_191129/FreeRTOS/Source/timers.c"
Invoking: GNU Compiler
"C:/ti/ccs930/ccs/tools/compiler/gcc-arm-none-eabi-7-2017-q4-major-win32/bin/arm-none-eabi-gcc-7.2.1.exe" -c -mcpu=cortex-m4 -march=armv7e-m -mthumb -mfloat-abi=soft -Dgcc -DCC32XXWARE -I"C:/Users/Gudni/IgreyptKerfi/freertos_builds_CC3220S_LAUNCHXL_release_gcc" -I"C:/Users/Gudni/Documents/igreyptkerfi_hopurB/FreeRTOSv10.2.1_191129/FreeRTOS/Source/include" -I"C:/Users/Gudni/Documents/igreyptkerfi_hopurB/FreeRTOSv10.2.1_191129/FreeRTOS/Source/portable/GCC/ARM_CM3" -I"C:/ti/simplelink_cc32xx_sdk_3_30_01_02/source/ti/posix/gcc" -I"C:/ti/simplelink_cc32xx_sdk_3_30_01_02/source" -I"C:/ti/ccs930/ccs/tools/compiler/gcc-arm-none-eabi-7-2017-q4-major-win32/arm-none-eabi/include/newlib-nano" -I"C:/ti/ccs930/ccs/tools/compiler/gcc-arm-none-eabi-7-2017-q4-major-win32/arm-none-eabi/include" -ffunction-sections -fdata-sections -g -gdwarf-3 -gstrict-dwarf -Wall -fno-builtin-malloc --specs=nano.specs -MMD -MP -MF"freertos/timers.d" -MT"freertos/timers.o" -std=c99  -o"freertos/timers.o" "C:/Users/Gudni/Documents/igreyptkerfi_hopurB/FreeRTOSv10.2.1_191129/FreeRTOS/Source/timers.c"
Finished building: "C:/Users/Gudni/Documents/igreyptkerfi_hopurB/FreeRTOSv10.2.1_191129/FreeRTOS/Source/timers.c"
 
Building file: "C:/Users/Gudni/Documents/igreyptkerfi_hopurB/FreeRTOSv10.2.1_191129/FreeRTOS/Source/tasks.c"
Invoking: GNU Compiler
"C:/ti/ccs930/ccs/tools/compiler/gcc-arm-none-eabi-7-2017-q4-major-win32/bin/arm-none-eabi-gcc-7.2.1.exe" -c -mcpu=cortex-m4 -march=armv7e-m -mthumb -mfloat-abi=soft -Dgcc -DCC32XXWARE -I"C:/Users/Gudni/IgreyptKerfi/freertos_builds_CC3220S_LAUNCHXL_release_gcc" -I"C:/Users/Gudni/Documents/igreyptkerfi_hopurB/FreeRTOSv10.2.1_191129/FreeRTOS/Source/include" -I"C:/Users/Gudni/Documents/igreyptkerfi_hopurB/FreeRTOSv10.2.1_191129/FreeRTOS/Source/portable/GCC/ARM_CM3" -I"C:/ti/simplelink_cc32xx_sdk_3_30_01_02/source/ti/posix/gcc" -I"C:/ti/simplelink_cc32xx_sdk_3_30_01_02/source" -I"C:/ti/ccs930/ccs/tools/compiler/gcc-arm-none-eabi-7-2017-q4-major-win32/arm-none-eabi/include/newlib-nano" -I"C:/ti/ccs930/ccs/tools/compiler/gcc-arm-none-eabi-7-2017-q4-major-win32/arm-none-eabi/include" -ffunction-sections -fdata-sections -g -gdwarf-3 -gstrict-dwarf -Wall -fno-builtin-malloc --specs=nano.specs -MMD -MP -MF"freertos/tasks.d" -MT"freertos/tasks.o" -std=c99  -o"freertos/tasks.o" "C:/Users/Gudni/Documents/igreyptkerfi_hopurB/FreeRTOSv10.2.1_191129/FreeRTOS/Source/tasks.c"
Finished building: "C:/Users/Gudni/Documents/igreyptkerfi_hopurB/FreeRTOSv10.2.1_191129/FreeRTOS/Source/tasks.c"
 
Building file: "C:/Users/Gudni/Documents/igreyptkerfi_hopurB/FreeRTOSv10.2.1_191129/FreeRTOS/Source/portable/GCC/ARM_CM3/port.c"
Invoking: GNU Compiler
"C:/ti/ccs930/ccs/tools/compiler/gcc-arm-none-eabi-7-2017-q4-major-win32/bin/arm-none-eabi-gcc-7.2.1.exe" -c -mcpu=cortex-m4 -march=armv7e-m -mthumb -mfloat-abi=soft -Dgcc -DCC32XXWARE -I"C:/Users/Gudni/IgreyptKerfi/freertos_builds_CC3220S_LAUNCHXL_release_gcc" -I"C:/Users/Gudni/Documents/igreyptkerfi_hopurB/FreeRTOSv10.2.1_191129/FreeRTOS/Source/include" -I"C:/Users/Gudni/Documents/igreyptkerfi_hopurB/FreeRTOSv10.2.1_191129/FreeRTOS/Source/portable/GCC/ARM_CM3" -I"C:/ti/simplelink_cc32xx_sdk_3_30_01_02/source/ti/posix/gcc" -I"C:/ti/simplelink_cc32xx_sdk_3_30_01_02/source" -I"C:/ti/ccs930/ccs/tools/compiler/gcc-arm-none-eabi-7-2017-q4-major-win32/arm-none-eabi/include/newlib-nano" -I"C:/ti/ccs930/ccs/tools/compiler/gcc-arm-none-eabi-7-2017-q4-major-win32/arm-none-eabi/include" -ffunction-sections -fdata-sections -g -gdwarf-3 -gstrict-dwarf -Wall -fno-builtin-malloc --specs=nano.specs -MMD -MP -MF"freertos/portable/GCC/ARM_CM3/port.d" -MT"freertos/portable/GCC/ARM_CM3/port.o" -std=c99  -o"freertos/portable/GCC/ARM_CM3/port.o" "C:/Users/Gudni/Documents/igreyptkerfi_hopurB/FreeRTOSv10.2.1_191129/FreeRTOS/Source/portable/GCC/ARM_CM3/port.c"
Finished building: "C:/Users/Gudni/Documents/igreyptkerfi_hopurB/FreeRTOSv10.2.1_191129/FreeRTOS/Source/portable/GCC/ARM_CM3/port.c"
 
Building file: "C:/ti/simplelink_cc32xx_sdk_3_30_01_02/kernel/freertos/startup/startup_cc32xx_gcc.c"
Invoking: GNU Compiler
"C:/ti/ccs930/ccs/tools/compiler/gcc-arm-none-eabi-7-2017-q4-major-win32/bin/arm-none-eabi-gcc-7.2.1.exe" -c -mcpu=cortex-m4 -march=armv7e-m -mthumb -mfloat-abi=soft -Dgcc -DCC32XXWARE -I"C:/Users/Gudni/IgreyptKerfi/freertos_builds_CC3220S_LAUNCHXL_release_gcc" -I"C:/Users/Gudni/Documents/igreyptkerfi_hopurB/FreeRTOSv10.2.1_191129/FreeRTOS/Source/include" -I"C:/Users/Gudni/Documents/igreyptkerfi_hopurB/FreeRTOSv10.2.1_191129/FreeRTOS/Source/portable/GCC/ARM_CM3" -I"C:/ti/simplelink_cc32xx_sdk_3_30_01_02/source/ti/posix/gcc" -I"C:/ti/simplelink_cc32xx_sdk_3_30_01_02/source" -I"C:/ti/ccs930/ccs/tools/compiler/gcc-arm-none-eabi-7-2017-q4-major-win32/arm-none-eabi/include/newlib-nano" -I"C:/ti/ccs930/ccs/tools/compiler/gcc-arm-none-eabi-7-2017-q4-major-win32/arm-none-eabi/include" -ffunction-sections -fdata-sections -g -gdwarf-3 -gstrict-dwarf -Wall -fno-builtin-malloc --specs=nano.specs -MMD -MP -MF"freertos/startup/startup_cc32xx_gcc.d" -MT"freertos/startup/startup_cc32xx_gcc.o" -std=c99  -o"freertos/startup/startup_cc32xx_gcc.o" "C:/ti/simplelink_cc32xx_sdk_3_30_01_02/kernel/freertos/startup/startup_cc32xx_gcc.c"
Finished building: "C:/ti/simplelink_cc32xx_sdk_3_30_01_02/kernel/freertos/startup/startup_cc32xx_gcc.c"
 
Building file: "C:/ti/simplelink_cc32xx_sdk_3_30_01_02/source/ti/posix/freertos/clock.c"
Invoking: GNU Compiler
"C:/ti/ccs930/ccs/tools/compiler/gcc-arm-none-eabi-7-2017-q4-major-win32/bin/arm-none-eabi-gcc-7.2.1.exe" -c -mcpu=cortex-m4 -march=armv7e-m -mthumb -mfloat-abi=soft -Dgcc -DCC32XXWARE -I"C:/Users/Gudni/IgreyptKerfi/freertos_builds_CC3220S_LAUNCHXL_release_gcc" -I"C:/Users/Gudni/Documents/igreyptkerfi_hopurB/FreeRTOSv10.2.1_191129/FreeRTOS/Source/include" -I"C:/Users/Gudni/Documents/igreyptkerfi_hopurB/FreeRTOSv10.2.1_191129/FreeRTOS/Source/portable/GCC/ARM_CM3" -I"C:/ti/simplelink_cc32xx_sdk_3_30_01_02/source/ti/posix/gcc" -I"C:/ti/simplelink_cc32xx_sdk_3_30_01_02/source" -I"C:/ti/ccs930/ccs/tools/compiler/gcc-arm-none-eabi-7-2017-q4-major-win32/arm-none-eabi/include/newlib-nano" -I"C:/ti/ccs930/ccs/tools/compiler/gcc-arm-none-eabi-7-2017-q4-major-win32/arm-none-eabi/include" -ffunction-sections -fdata-sections -g -gdwarf-3 -gstrict-dwarf -Wall -fno-builtin-malloc --specs=nano.specs -MMD -MP -MF"posix/clock.d" -MT"posix/clock.o" -std=c99  -o"posix/clock.o" "C:/ti/simplelink_cc32xx_sdk_3_30_01_02/source/ti/posix/freertos/clock.c"
Finished building: "C:/ti/simplelink_cc32xx_sdk_3_30_01_02/source/ti/posix/freertos/clock.c"
 
Building file: "C:/ti/simplelink_cc32xx_sdk_3_30_01_02/source/ti/posix/freertos/memory.c"
Invoking: GNU Compiler
"C:/ti/ccs930/ccs/tools/compiler/gcc-arm-none-eabi-7-2017-q4-major-win32/bin/arm-none-eabi-gcc-7.2.1.exe" -c -mcpu=cortex-m4 -march=armv7e-m -mthumb -mfloat-abi=soft -Dgcc -DCC32XXWARE -I"C:/Users/Gudni/IgreyptKerfi/freertos_builds_CC3220S_LAUNCHXL_release_gcc" -I"C:/Users/Gudni/Documents/igreyptkerfi_hopurB/FreeRTOSv10.2.1_191129/FreeRTOS/Source/include" -I"C:/Users/Gudni/Documents/igreyptkerfi_hopurB/FreeRTOSv10.2.1_191129/FreeRTOS/Source/portable/GCC/ARM_CM3" -I"C:/ti/simplelink_cc32xx_sdk_3_30_01_02/source/ti/posix/gcc" -I"C:/ti/simplelink_cc32xx_sdk_3_30_01_02/source" -I"C:/ti/ccs930/ccs/tools/compiler/gcc-arm-none-eabi-7-2017-q4-major-win32/arm-none-eabi/include/newlib-nano" -I"C:/ti/ccs930/ccs/tools/compiler/gcc-arm-none-eabi-7-2017-q4-major-win32/arm-none-eabi/include" -ffunction-sections -fdata-sections -g -gdwarf-3 -gstrict-dwarf -Wall -fno-builtin-malloc --specs=nano.specs -MMD -MP -MF"posix/memory.d" -MT"posix/memory.o" -std=c99  -o"posix/memory.o" "C:/ti/simplelink_cc32xx_sdk_3_30_01_02/source/ti/posix/freertos/memory.c"
Finished building: "C:/ti/simplelink_cc32xx_sdk_3_30_01_02/source/ti/posix/freertos/memory.c"
 
Building file: "C:/ti/simplelink_cc32xx_sdk_3_30_01_02/source/ti/posix/freertos/mqueue.c"
Invoking: GNU Compiler
"C:/ti/ccs930/ccs/tools/compiler/gcc-arm-none-eabi-7-2017-q4-major-win32/bin/arm-none-eabi-gcc-7.2.1.exe" -c -mcpu=cortex-m4 -march=armv7e-m -mthumb -mfloat-abi=soft -Dgcc -DCC32XXWARE -I"C:/Users/Gudni/IgreyptKerfi/freertos_builds_CC3220S_LAUNCHXL_release_gcc" -I"C:/Users/Gudni/Documents/igreyptkerfi_hopurB/FreeRTOSv10.2.1_191129/FreeRTOS/Source/include" -I"C:/Users/Gudni/Documents/igreyptkerfi_hopurB/FreeRTOSv10.2.1_191129/FreeRTOS/Source/portable/GCC/ARM_CM3" -I"C:/ti/simplelink_cc32xx_sdk_3_30_01_02/source/ti/posix/gcc" -I"C:/ti/simplelink_cc32xx_sdk_3_30_01_02/source" -I"C:/ti/ccs930/ccs/tools/compiler/gcc-arm-none-eabi-7-2017-q4-major-win32/arm-none-eabi/include/newlib-nano" -I"C:/ti/ccs930/ccs/tools/compiler/gcc-arm-none-eabi-7-2017-q4-major-win32/arm-none-eabi/include" -ffunction-sections -fdata-sections -g -gdwarf-3 -gstrict-dwarf -Wall -fno-builtin-malloc --specs=nano.specs -MMD -MP -MF"posix/mqueue.d" -MT"posix/mqueue.o" -std=c99  -o"posix/mqueue.o" "C:/ti/simplelink_cc32xx_sdk_3_30_01_02/source/ti/posix/freertos/mqueue.c"
Finished building: "C:/ti/simplelink_cc32xx_sdk_3_30_01_02/source/ti/posix/freertos/mqueue.c"
 
Building file: "C:/ti/simplelink_cc32xx_sdk_3_30_01_02/source/ti/posix/freertos/pthread.c"
Invoking: GNU Compiler
"C:/ti/ccs930/ccs/tools/compiler/gcc-arm-none-eabi-7-2017-q4-major-win32/bin/arm-none-eabi-gcc-7.2.1.exe" -c -mcpu=cortex-m4 -march=armv7e-m -mthumb -mfloat-abi=soft -Dgcc -DCC32XXWARE -I"C:/Users/Gudni/IgreyptKerfi/freertos_builds_CC3220S_LAUNCHXL_release_gcc" -I"C:/Users/Gudni/Documents/igreyptkerfi_hopurB/FreeRTOSv10.2.1_191129/FreeRTOS/Source/include" -I"C:/Users/Gudni/Documents/igreyptkerfi_hopurB/FreeRTOSv10.2.1_191129/FreeRTOS/Source/portable/GCC/ARM_CM3" -I"C:/ti/simplelink_cc32xx_sdk_3_30_01_02/source/ti/posix/gcc" -I"C:/ti/simplelink_cc32xx_sdk_3_30_01_02/source" -I"C:/ti/ccs930/ccs/tools/compiler/gcc-arm-none-eabi-7-2017-q4-major-win32/arm-none-eabi/include/newlib-nano" -I"C:/ti/ccs930/ccs/tools/compiler/gcc-arm-none-eabi-7-2017-q4-major-win32/arm-none-eabi/include" -ffunction-sections -fdata-sections -g -gdwarf-3 -gstrict-dwarf -Wall -fno-builtin-malloc --specs=nano.specs -MMD -MP -MF"posix/pthread.d" -MT"posix/pthread.o" -std=c99  -o"posix/pthread.o" "C:/ti/simplelink_cc32xx_sdk_3_30_01_02/source/ti/posix/freertos/pthread.c"
Finished building: "C:/ti/simplelink_cc32xx_sdk_3_30_01_02/source/ti/posix/freertos/pthread.c"
 
Building file: "C:/ti/simplelink_cc32xx_sdk_3_30_01_02/source/ti/posix/freertos/pthread_barrier.c"
Invoking: GNU Compiler
"C:/ti/ccs930/ccs/tools/compiler/gcc-arm-none-eabi-7-2017-q4-major-win32/bin/arm-none-eabi-gcc-7.2.1.exe" -c -mcpu=cortex-m4 -march=armv7e-m -mthumb -mfloat-abi=soft -Dgcc -DCC32XXWARE -I"C:/Users/Gudni/IgreyptKerfi/freertos_builds_CC3220S_LAUNCHXL_release_gcc" -I"C:/Users/Gudni/Documents/igreyptkerfi_hopurB/FreeRTOSv10.2.1_191129/FreeRTOS/Source/include" -I"C:/Users/Gudni/Documents/igreyptkerfi_hopurB/FreeRTOSv10.2.1_191129/FreeRTOS/Source/portable/GCC/ARM_CM3" -I"C:/ti/simplelink_cc32xx_sdk_3_30_01_02/source/ti/posix/gcc" -I"C:/ti/simplelink_cc32xx_sdk_3_30_01_02/source" -I"C:/ti/ccs930/ccs/tools/compiler/gcc-arm-none-eabi-7-2017-q4-major-win32/arm-none-eabi/include/newlib-nano" -I"C:/ti/ccs930/ccs/tools/compiler/gcc-arm-none-eabi-7-2017-q4-major-win32/arm-none-eabi/include" -ffunction-sections -fdata-sections -g -gdwarf-3 -gstrict-dwarf -Wall -fno-builtin-malloc --specs=nano.specs -MMD -MP -MF"posix/pthread_barrier.d" -MT"posix/pthread_barrier.o" -std=c99  -o"posix/pthread_barrier.o" "C:/ti/simplelink_cc32xx_sdk_3_30_01_02/source/ti/posix/freertos/pthread_barrier.c"
Finished building: "C:/ti/simplelink_cc32xx_sdk_3_30_01_02/source/ti/posix/freertos/pthread_barrier.c"
 
Building file: "C:/ti/simplelink_cc32xx_sdk_3_30_01_02/source/ti/posix/freertos/pthread_cond.c"
Invoking: GNU Compiler
"C:/ti/ccs930/ccs/tools/compiler/gcc-arm-none-eabi-7-2017-q4-major-win32/bin/arm-none-eabi-gcc-7.2.1.exe" -c -mcpu=cortex-m4 -march=armv7e-m -mthumb -mfloat-abi=soft -Dgcc -DCC32XXWARE -I"C:/Users/Gudni/IgreyptKerfi/freertos_builds_CC3220S_LAUNCHXL_release_gcc" -I"C:/Users/Gudni/Documents/igreyptkerfi_hopurB/FreeRTOSv10.2.1_191129/FreeRTOS/Source/include" -I"C:/Users/Gudni/Documents/igreyptkerfi_hopurB/FreeRTOSv10.2.1_191129/FreeRTOS/Source/portable/GCC/ARM_CM3" -I"C:/ti/simplelink_cc32xx_sdk_3_30_01_02/source/ti/posix/gcc" -I"C:/ti/simplelink_cc32xx_sdk_3_30_01_02/source" -I"C:/ti/ccs930/ccs/tools/compiler/gcc-arm-none-eabi-7-2017-q4-major-win32/arm-none-eabi/include/newlib-nano" -I"C:/ti/ccs930/ccs/tools/compiler/gcc-arm-none-eabi-7-2017-q4-major-win32/arm-none-eabi/include" -ffunction-sections -fdata-sections -g -gdwarf-3 -gstrict-dwarf -Wall -fno-builtin-malloc --specs=nano.specs -MMD -MP -MF"posix/pthread_cond.d" -MT"posix/pthread_cond.o" -std=c99  -o"posix/pthread_cond.o" "C:/ti/simplelink_cc32xx_sdk_3_30_01_02/source/ti/posix/freertos/pthread_cond.c"
Finished building: "C:/ti/simplelink_cc32xx_sdk_3_30_01_02/source/ti/posix/freertos/pthread_cond.c"
 
Building file: "C:/ti/simplelink_cc32xx_sdk_3_30_01_02/source/ti/posix/freertos/pthread_mutex.c"
Invoking: GNU Compiler
"C:/ti/ccs930/ccs/tools/compiler/gcc-arm-none-eabi-7-2017-q4-major-win32/bin/arm-none-eabi-gcc-7.2.1.exe" -c -mcpu=cortex-m4 -march=armv7e-m -mthumb -mfloat-abi=soft -Dgcc -DCC32XXWARE -I"C:/Users/Gudni/IgreyptKerfi/freertos_builds_CC3220S_LAUNCHXL_release_gcc" -I"C:/Users/Gudni/Documents/igreyptkerfi_hopurB/FreeRTOSv10.2.1_191129/FreeRTOS/Source/include" -I"C:/Users/Gudni/Documents/igreyptkerfi_hopurB/FreeRTOSv10.2.1_191129/FreeRTOS/Source/portable/GCC/ARM_CM3" -I"C:/ti/simplelink_cc32xx_sdk_3_30_01_02/source/ti/posix/gcc" -I"C:/ti/simplelink_cc32xx_sdk_3_30_01_02/source" -I"C:/ti/ccs930/ccs/tools/compiler/gcc-arm-none-eabi-7-2017-q4-major-win32/arm-none-eabi/include/newlib-nano" -I"C:/ti/ccs930/ccs/tools/compiler/gcc-arm-none-eabi-7-2017-q4-major-win32/arm-none-eabi/include" -ffunction-sections -fdata-sections -g -gdwarf-3 -gstrict-dwarf -Wall -fno-builtin-malloc --specs=nano.specs -MMD -MP -MF"posix/pthread_mutex.d" -MT"posix/pthread_mutex.o" -std=c99  -o"posix/pthread_mutex.o" "C:/ti/simplelink_cc32xx_sdk_3_30_01_02/source/ti/posix/freertos/pthread_mutex.c"
Finished building: "C:/ti/simplelink_cc32xx_sdk_3_30_01_02/source/ti/posix/freertos/pthread_mutex.c"
 
Building file: "C:/ti/simplelink_cc32xx_sdk_3_30_01_02/source/ti/posix/freertos/sched.c"
Invoking: GNU Compiler
"C:/ti/ccs930/ccs/tools/compiler/gcc-arm-none-eabi-7-2017-q4-major-win32/bin/arm-none-eabi-gcc-7.2.1.exe" -c -mcpu=cortex-m4 -march=armv7e-m -mthumb -mfloat-abi=soft -Dgcc -DCC32XXWARE -I"C:/Users/Gudni/IgreyptKerfi/freertos_builds_CC3220S_LAUNCHXL_release_gcc" -I"C:/Users/Gudni/Documents/igreyptkerfi_hopurB/FreeRTOSv10.2.1_191129/FreeRTOS/Source/include" -I"C:/Users/Gudni/Documents/igreyptkerfi_hopurB/FreeRTOSv10.2.1_191129/FreeRTOS/Source/portable/GCC/ARM_CM3" -I"C:/ti/simplelink_cc32xx_sdk_3_30_01_02/source/ti/posix/gcc" -I"C:/ti/simplelink_cc32xx_sdk_3_30_01_02/source" -I"C:/ti/ccs930/ccs/tools/compiler/gcc-arm-none-eabi-7-2017-q4-major-win32/arm-none-eabi/include/newlib-nano" -I"C:/ti/ccs930/ccs/tools/compiler/gcc-arm-none-eabi-7-2017-q4-major-win32/arm-none-eabi/include" -ffunction-sections -fdata-sections -g -gdwarf-3 -gstrict-dwarf -Wall -fno-builtin-malloc --specs=nano.specs -MMD -MP -MF"posix/sched.d" -MT"posix/sched.o" -std=c99  -o"posix/sched.o" "C:/ti/simplelink_cc32xx_sdk_3_30_01_02/source/ti/posix/freertos/sched.c"
Finished building: "C:/ti/simplelink_cc32xx_sdk_3_30_01_02/source/ti/posix/freertos/sched.c"
 
Building file: "C:/ti/simplelink_cc32xx_sdk_3_30_01_02/source/ti/posix/freertos/pthread_rwlock.c"
Invoking: GNU Compiler
"C:/ti/ccs930/ccs/tools/compiler/gcc-arm-none-eabi-7-2017-q4-major-win32/bin/arm-none-eabi-gcc-7.2.1.exe" -c -mcpu=cortex-m4 -march=armv7e-m -mthumb -mfloat-abi=soft -Dgcc -DCC32XXWARE -I"C:/Users/Gudni/IgreyptKerfi/freertos_builds_CC3220S_LAUNCHXL_release_gcc" -I"C:/Users/Gudni/Documents/igreyptkerfi_hopurB/FreeRTOSv10.2.1_191129/FreeRTOS/Source/include" -I"C:/Users/Gudni/Documents/igreyptkerfi_hopurB/FreeRTOSv10.2.1_191129/FreeRTOS/Source/portable/GCC/ARM_CM3" -I"C:/ti/simplelink_cc32xx_sdk_3_30_01_02/source/ti/posix/gcc" -I"C:/ti/simplelink_cc32xx_sdk_3_30_01_02/source" -I"C:/ti/ccs930/ccs/tools/compiler/gcc-arm-none-eabi-7-2017-q4-major-win32/arm-none-eabi/include/newlib-nano" -I"C:/ti/ccs930/ccs/tools/compiler/gcc-arm-none-eabi-7-2017-q4-major-win32/arm-none-eabi/include" -ffunction-sections -fdata-sections -g -gdwarf-3 -gstrict-dwarf -Wall -fno-builtin-malloc --specs=nano.specs -MMD -MP -MF"posix/pthread_rwlock.d" -MT"posix/pthread_rwlock.o" -std=c99  -o"posix/pthread_rwlock.o" "C:/ti/simplelink_cc32xx_sdk_3_30_01_02/source/ti/posix/freertos/pthread_rwlock.c"
Finished building: "C:/ti/simplelink_cc32xx_sdk_3_30_01_02/source/ti/posix/freertos/pthread_rwlock.c"
 
Building file: "C:/ti/simplelink_cc32xx_sdk_3_30_01_02/source/ti/posix/freertos/semaphore.c"
Invoking: GNU Compiler
"C:/ti/ccs930/ccs/tools/compiler/gcc-arm-none-eabi-7-2017-q4-major-win32/bin/arm-none-eabi-gcc-7.2.1.exe" -c -mcpu=cortex-m4 -march=armv7e-m -mthumb -mfloat-abi=soft -Dgcc -DCC32XXWARE -I"C:/Users/Gudni/IgreyptKerfi/freertos_builds_CC3220S_LAUNCHXL_release_gcc" -I"C:/Users/Gudni/Documents/igreyptkerfi_hopurB/FreeRTOSv10.2.1_191129/FreeRTOS/Source/include" -I"C:/Users/Gudni/Documents/igreyptkerfi_hopurB/FreeRTOSv10.2.1_191129/FreeRTOS/Source/portable/GCC/ARM_CM3" -I"C:/ti/simplelink_cc32xx_sdk_3_30_01_02/source/ti/posix/gcc" -I"C:/ti/simplelink_cc32xx_sdk_3_30_01_02/source" -I"C:/ti/ccs930/ccs/tools/compiler/gcc-arm-none-eabi-7-2017-q4-major-win32/arm-none-eabi/include/newlib-nano" -I"C:/ti/ccs930/ccs/tools/compiler/gcc-arm-none-eabi-7-2017-q4-major-win32/arm-none-eabi/include" -ffunction-sections -fdata-sections -g -gdwarf-3 -gstrict-dwarf -Wall -fno-builtin-malloc --specs=nano.specs -MMD -MP -MF"posix/semaphore.d" -MT"posix/semaphore.o" -std=c99  -o"posix/semaphore.o" "C:/ti/simplelink_cc32xx_sdk_3_30_01_02/source/ti/posix/freertos/semaphore.c"
Finished building: "C:/ti/simplelink_cc32xx_sdk_3_30_01_02/source/ti/posix/freertos/semaphore.c"
 
Building file: "C:/ti/simplelink_cc32xx_sdk_3_30_01_02/source/ti/posix/freertos/sleep.c"
Invoking: GNU Compiler
"C:/ti/ccs930/ccs/tools/compiler/gcc-arm-none-eabi-7-2017-q4-major-win32/bin/arm-none-eabi-gcc-7.2.1.exe" -c -mcpu=cortex-m4 -march=armv7e-m -mthumb -mfloat-abi=soft -Dgcc -DCC32XXWARE -I"C:/Users/Gudni/IgreyptKerfi/freertos_builds_CC3220S_LAUNCHXL_release_gcc" -I"C:/Users/Gudni/Documents/igreyptkerfi_hopurB/FreeRTOSv10.2.1_191129/FreeRTOS/Source/include" -I"C:/Users/Gudni/Documents/igreyptkerfi_hopurB/FreeRTOSv10.2.1_191129/FreeRTOS/Source/portable/GCC/ARM_CM3" -I"C:/ti/simplelink_cc32xx_sdk_3_30_01_02/source/ti/posix/gcc" -I"C:/ti/simplelink_cc32xx_sdk_3_30_01_02/source" -I"C:/ti/ccs930/ccs/tools/compiler/gcc-arm-none-eabi-7-2017-q4-major-win32/arm-none-eabi/include/newlib-nano" -I"C:/ti/ccs930/ccs/tools/compiler/gcc-arm-none-eabi-7-2017-q4-major-win32/arm-none-eabi/include" -ffunction-sections -fdata-sections -g -gdwarf-3 -gstrict-dwarf -Wall -fno-builtin-malloc --specs=nano.specs -MMD -MP -MF"posix/sleep.d" -MT"posix/sleep.o" -std=c99  -o"posix/sleep.o" "C:/ti/simplelink_cc32xx_sdk_3_30_01_02/source/ti/posix/freertos/sleep.c"
Finished building: "C:/ti/simplelink_cc32xx_sdk_3_30_01_02/source/ti/posix/freertos/sleep.c"
 
Building file: "C:/ti/simplelink_cc32xx_sdk_3_30_01_02/source/ti/posix/freertos/timer.c"
Invoking: GNU Compiler
"C:/ti/ccs930/ccs/tools/compiler/gcc-arm-none-eabi-7-2017-q4-major-win32/bin/arm-none-eabi-gcc-7.2.1.exe" -c -mcpu=cortex-m4 -march=armv7e-m -mthumb -mfloat-abi=soft -Dgcc -DCC32XXWARE -I"C:/Users/Gudni/IgreyptKerfi/freertos_builds_CC3220S_LAUNCHXL_release_gcc" -I"C:/Users/Gudni/Documents/igreyptkerfi_hopurB/FreeRTOSv10.2.1_191129/FreeRTOS/Source/include" -I"C:/Users/Gudni/Documents/igreyptkerfi_hopurB/FreeRTOSv10.2.1_191129/FreeRTOS/Source/portable/GCC/ARM_CM3" -I"C:/ti/simplelink_cc32xx_sdk_3_30_01_02/source/ti/posix/gcc" -I"C:/ti/simplelink_cc32xx_sdk_3_30_01_02/source" -I"C:/ti/ccs930/ccs/tools/compiler/gcc-arm-none-eabi-7-2017-q4-major-win32/arm-none-eabi/include/newlib-nano" -I"C:/ti/ccs930/ccs/tools/compiler/gcc-arm-none-eabi-7-2017-q4-major-win32/arm-none-eabi/include" -ffunction-sections -fdata-sections -g -gdwarf-3 -gstrict-dwarf -Wall -fno-builtin-malloc --specs=nano.specs -MMD -MP -MF"posix/timer.d" -MT"posix/timer.o" -std=c99  -o"posix/timer.o" "C:/ti/simplelink_cc32xx_sdk_3_30_01_02/source/ti/posix/freertos/timer.c"
Finished building: "C:/ti/simplelink_cc32xx_sdk_3_30_01_02/source/ti/posix/freertos/timer.c"
 
Building target: "libfreertos_builds_CC3220S_LAUNCHXL_release_gcc.a"
Invoking: GNU Librarian
"C:/ti/ccs930/ccs/tools/compiler/gcc-arm-none-eabi-7-2017-q4-major-win32/bin/arm-none-eabi-ar.exe" -r "libfreertos_builds_CC3220S_LAUNCHXL_release_gcc.a" "./dpl/ClockP_freertos.o" "./dpl/DebugP_freertos.o" "./dpl/HwiPCC32XX_freertos.o" "./dpl/MutexP_freertos.o" "./dpl/PowerCC32XX_freertos.o" "./dpl/SemaphoreP_freertos.o" "./dpl/SystemP_freertos.o" "./freertos/croutine.o" "./freertos/event_groups.o" "./freertos/heap_4.o" "./freertos/list.o" "./freertos/queue.o" "./freertos/stream_buffer.o" "./freertos/tasks.o" "./freertos/timers.o" "./freertos/portable/GCC/ARM_CM3/port.o" "./freertos/startup/startup_cc32xx_gcc.o" "./posix/clock.o" "./posix/memory.o" "./posix/mqueue.o" "./posix/pthread.o" "./posix/pthread_barrier.o" "./posix/pthread_cond.o" "./posix/pthread_mutex.o" "./posix/pthread_rwlock.o" "./posix/sched.o" "./posix/semaphore.o" "./posix/sleep.o" "./posix/timer.o" 
C:/ti/ccs930/ccs/tools/compiler/gcc-arm-none-eabi-7-2017-q4-major-win32/bin/arm-none-eabi-ar.exe: creating libfreertos_builds_CC3220S_LAUNCHXL_release_gcc.a
Finished building target: "libfreertos_builds_CC3220S_LAUNCHXL_release_gcc.a"
 

**** Build Finished ****

**** Clean-only build of configuration Debug for project mqtt_client_CC3220S_LAUNCHXL_freertos_gcc ****

"C:\\ti\\ccs930\\ccs\\utils\\bin\\gmake" -k -j 4 clean -O 
 
DEL /F  "syscfg\ti_drivers_config.h" "syscfg\syscfg_c.rov.xs"  "mqtt_client_CC3220S_LAUNCHXL_freertos_gcc.bin"  "syscfg\ti_drivers_net_wifi_config.c" "syscfg\ti_drivers_config.c"  "mqtt_client_CC3220S_LAUNCHXL_freertos_gcc.out" 
DEL /F "client_cbs.o" "syscfg\ti_drivers_net_wifi_config.o" "syscfg\ti_drivers_config.o" "main_freertos.o" "mqtt_client_app.o" "network_if.o" "uart_term.o" 
DEL /F "client_cbs.d" "syscfg\ti_drivers_net_wifi_config.d" "syscfg\ti_drivers_config.d" "main_freertos.d" "mqtt_client_app.d" "network_if.d" "uart_term.d" 
RMDIR /S/Q  "syscfg\" 
Finished clean
 

**** Build Finished ****

**** Build of configuration Debug for project mqtt_client_CC3220S_LAUNCHXL_freertos_gcc ****

"C:\\ti\\ccs930\\ccs\\utils\\bin\\gmake" -k -j 4 all -O 
 
Building file: "../common.syscfg"
Invoking: SysConfig
"C:/ti/ccs930/ccs/utils/sysconfig/sysconfig_cli.bat" -s "C:/ti/simplelink_cc32xx_sdk_3_30_01_02/.metadata/product.json" -o "syscfg" "../common.syscfg"
Running script...
Validating...
Generating Code...
Writing C:\Users\Gudni\IgreyptKerfi\mqtt_client_CC3220S_LAUNCHXL_freertos_gcc\Debug\syscfg\ti_drivers_net_wifi_config.c...
Writing C:\Users\Gudni\IgreyptKerfi\mqtt_client_CC3220S_LAUNCHXL_freertos_gcc\Debug\syscfg\ti_drivers_config.c...
Writing C:\Users\Gudni\IgreyptKerfi\mqtt_client_CC3220S_LAUNCHXL_freertos_gcc\Debug\syscfg\ti_drivers_config.h...
Writing C:\Users\Gudni\IgreyptKerfi\mqtt_client_CC3220S_LAUNCHXL_freertos_gcc\Debug\syscfg\syscfg_c.rov.xs...
Finished building: "../common.syscfg"
 
Building file: "../main_freertos.c"
Invoking: GNU Compiler
"C:/ti/ccs930/ccs/tools/compiler/gcc-arm-none-eabi-7-2017-q4-major-win32/bin/arm-none-eabi-gcc-7.2.1.exe" -c -mcpu=cortex-m4 -march=armv7e-m -mthumb -mfloat-abi=soft -I"C:/Users/Gudni/IgreyptKerfi/mqtt_client_CC3220S_LAUNCHXL_freertos_gcc" -I"C:/Users/Gudni/IgreyptKerfi/mqtt_client_CC3220S_LAUNCHXL_freertos_gcc/Debug" -I"C:/ti/simplelink_cc32xx_sdk_3_30_01_02/source" -I"C:/ti/simplelink_cc32xx_sdk_3_30_01_02/source/ti/posix/gcc" -I"C:/Users/Gudni/Downloads/FreeRTOSv10.2.1_191129/FreeRTOS/Source/include" -I"C:/Users/Gudni/Downloads/FreeRTOSv10.2.1_191129/FreeRTOS/Source/portable/GCC/ARM_CM3" -I"C:/Users/Gudni/IgreyptKerfi/freertos_builds_CC3220S_LAUNCHXL_release_gcc" -I"C:/ti/ccs930/ccs/tools/compiler/gcc-arm-none-eabi-7-2017-q4-major-win32/arm-none-eabi/include/newlib-nano" -I"C:/ti/ccs930/ccs/tools/compiler/gcc-arm-none-eabi-7-2017-q4-major-win32/arm-none-eabi/include" -ffunction-sections -fdata-sections -g -gdwarf-3 -gstrict-dwarf -Wall -MMD -MP -MF"main_freertos.d" -MT"main_freertos.o" -I"C:/Users/Gudni/IgreyptKerfi/mqtt_client_CC3220S_LAUNCHXL_freertos_gcc/Debug/syscfg" -std=c99  -o"main_freertos.o" "../main_freertos.c"
subdir_rules.mk:9: recipe for target 'main_freertos.o' failed
../main_freertos.c:42:10: fatal error: FreeRTOS.h: No such file or directory
 #include "FreeRTOS.h"
          ^~~~~~~~~~~~
compilation terminated.
gmake: *** [main_freertos.o] Error 1
Building file: "../client_cbs.c"
Invoking: GNU Compiler
"C:/ti/ccs930/ccs/tools/compiler/gcc-arm-none-eabi-7-2017-q4-major-win32/bin/arm-none-eabi-gcc-7.2.1.exe" -c -mcpu=cortex-m4 -march=armv7e-m -mthumb -mfloat-abi=soft -I"C:/Users/Gudni/IgreyptKerfi/mqtt_client_CC3220S_LAUNCHXL_freertos_gcc" -I"C:/Users/Gudni/IgreyptKerfi/mqtt_client_CC3220S_LAUNCHXL_freertos_gcc/Debug" -I"C:/ti/simplelink_cc32xx_sdk_3_30_01_02/source" -I"C:/ti/simplelink_cc32xx_sdk_3_30_01_02/source/ti/posix/gcc" -I"C:/Users/Gudni/Downloads/FreeRTOSv10.2.1_191129/FreeRTOS/Source/include" -I"C:/Users/Gudni/Downloads/FreeRTOSv10.2.1_191129/FreeRTOS/Source/portable/GCC/ARM_CM3" -I"C:/Users/Gudni/IgreyptKerfi/freertos_builds_CC3220S_LAUNCHXL_release_gcc" -I"C:/ti/ccs930/ccs/tools/compiler/gcc-arm-none-eabi-7-2017-q4-major-win32/arm-none-eabi/include/newlib-nano" -I"C:/ti/ccs930/ccs/tools/compiler/gcc-arm-none-eabi-7-2017-q4-major-win32/arm-none-eabi/include" -ffunction-sections -fdata-sections -g -gdwarf-3 -gstrict-dwarf -Wall -MMD -MP -MF"client_cbs.d" -MT"client_cbs.o" -I"C:/Users/Gudni/IgreyptKerfi/mqtt_client_CC3220S_LAUNCHXL_freertos_gcc/Debug/syscfg" -std=c99  -o"client_cbs.o" "../client_cbs.c"
Finished building: "../client_cbs.c"
 
Building file: "syscfg/ti_drivers_net_wifi_config.c"
Invoking: GNU Compiler
"C:/ti/ccs930/ccs/tools/compiler/gcc-arm-none-eabi-7-2017-q4-major-win32/bin/arm-none-eabi-gcc-7.2.1.exe" -c -mcpu=cortex-m4 -march=armv7e-m -mthumb -mfloat-abi=soft -I"C:/Users/Gudni/IgreyptKerfi/mqtt_client_CC3220S_LAUNCHXL_freertos_gcc" -I"C:/Users/Gudni/IgreyptKerfi/mqtt_client_CC3220S_LAUNCHXL_freertos_gcc/Debug" -I"C:/ti/simplelink_cc32xx_sdk_3_30_01_02/source" -I"C:/ti/simplelink_cc32xx_sdk_3_30_01_02/source/ti/posix/gcc" -I"C:/Users/Gudni/Downloads/FreeRTOSv10.2.1_191129/FreeRTOS/Source/include" -I"C:/Users/Gudni/Downloads/FreeRTOSv10.2.1_191129/FreeRTOS/Source/portable/GCC/ARM_CM3" -I"C:/Users/Gudni/IgreyptKerfi/freertos_builds_CC3220S_LAUNCHXL_release_gcc" -I"C:/ti/ccs930/ccs/tools/compiler/gcc-arm-none-eabi-7-2017-q4-major-win32/arm-none-eabi/include/newlib-nano" -I"C:/ti/ccs930/ccs/tools/compiler/gcc-arm-none-eabi-7-2017-q4-major-win32/arm-none-eabi/include" -ffunction-sections -fdata-sections -g -gdwarf-3 -gstrict-dwarf -Wall -MMD -MP -MF"syscfg/ti_drivers_net_wifi_config.d" -MT"syscfg/ti_drivers_net_wifi_config.o" -I"C:/Users/Gudni/IgreyptKerfi/mqtt_client_CC3220S_LAUNCHXL_freertos_gcc/Debug/syscfg" -std=c99  -o"syscfg/ti_drivers_net_wifi_config.o" "syscfg/ti_drivers_net_wifi_config.c"
Finished building: "syscfg/ti_drivers_net_wifi_config.c"
 
Building file: "syscfg/ti_drivers_config.c"
Invoking: GNU Compiler
"C:/ti/ccs930/ccs/tools/compiler/gcc-arm-none-eabi-7-2017-q4-major-win32/bin/arm-none-eabi-gcc-7.2.1.exe" -c -mcpu=cortex-m4 -march=armv7e-m -mthumb -mfloat-abi=soft -I"C:/Users/Gudni/IgreyptKerfi/mqtt_client_CC3220S_LAUNCHXL_freertos_gcc" -I"C:/Users/Gudni/IgreyptKerfi/mqtt_client_CC3220S_LAUNCHXL_freertos_gcc/Debug" -I"C:/ti/simplelink_cc32xx_sdk_3_30_01_02/source" -I"C:/ti/simplelink_cc32xx_sdk_3_30_01_02/source/ti/posix/gcc" -I"C:/Users/Gudni/Downloads/FreeRTOSv10.2.1_191129/FreeRTOS/Source/include" -I"C:/Users/Gudni/Downloads/FreeRTOSv10.2.1_191129/FreeRTOS/Source/portable/GCC/ARM_CM3" -I"C:/Users/Gudni/IgreyptKerfi/freertos_builds_CC3220S_LAUNCHXL_release_gcc" -I"C:/ti/ccs930/ccs/tools/compiler/gcc-arm-none-eabi-7-2017-q4-major-win32/arm-none-eabi/include/newlib-nano" -I"C:/ti/ccs930/ccs/tools/compiler/gcc-arm-none-eabi-7-2017-q4-major-win32/arm-none-eabi/include" -ffunction-sections -fdata-sections -g -gdwarf-3 -gstrict-dwarf -Wall -MMD -MP -MF"syscfg/ti_drivers_config.d" -MT"syscfg/ti_drivers_config.o" -I"C:/Users/Gudni/IgreyptKerfi/mqtt_client_CC3220S_LAUNCHXL_freertos_gcc/Debug/syscfg" -std=c99  -o"syscfg/ti_drivers_config.o" "syscfg/ti_drivers_config.c"
Finished building: "syscfg/ti_drivers_config.c"
 
Building file: "../uart_term.c"
Invoking: GNU Compiler
"C:/ti/ccs930/ccs/tools/compiler/gcc-arm-none-eabi-7-2017-q4-major-win32/bin/arm-none-eabi-gcc-7.2.1.exe" -c -mcpu=cortex-m4 -march=armv7e-m -mthumb -mfloat-abi=soft -I"C:/Users/Gudni/IgreyptKerfi/mqtt_client_CC3220S_LAUNCHXL_freertos_gcc" -I"C:/Users/Gudni/IgreyptKerfi/mqtt_client_CC3220S_LAUNCHXL_freertos_gcc/Debug" -I"C:/ti/simplelink_cc32xx_sdk_3_30_01_02/source" -I"C:/ti/simplelink_cc32xx_sdk_3_30_01_02/source/ti/posix/gcc" -I"C:/Users/Gudni/Downloads/FreeRTOSv10.2.1_191129/FreeRTOS/Source/include" -I"C:/Users/Gudni/Downloads/FreeRTOSv10.2.1_191129/FreeRTOS/Source/portable/GCC/ARM_CM3" -I"C:/Users/Gudni/IgreyptKerfi/freertos_builds_CC3220S_LAUNCHXL_release_gcc" -I"C:/ti/ccs930/ccs/tools/compiler/gcc-arm-none-eabi-7-2017-q4-major-win32/arm-none-eabi/include/newlib-nano" -I"C:/ti/ccs930/ccs/tools/compiler/gcc-arm-none-eabi-7-2017-q4-major-win32/arm-none-eabi/include" -ffunction-sections -fdata-sections -g -gdwarf-3 -gstrict-dwarf -Wall -MMD -MP -MF"uart_term.d" -MT"uart_term.o" -I"C:/Users/Gudni/IgreyptKerfi/mqtt_client_CC3220S_LAUNCHXL_freertos_gcc/Debug/syscfg" -std=c99  -o"uart_term.o" "../uart_term.c"
Finished building: "../uart_term.c"
 
Building file: "../mqtt_client_app.c"
Invoking: GNU Compiler
"C:/ti/ccs930/ccs/tools/compiler/gcc-arm-none-eabi-7-2017-q4-major-win32/bin/arm-none-eabi-gcc-7.2.1.exe" -c -mcpu=cortex-m4 -march=armv7e-m -mthumb -mfloat-abi=soft -I"C:/Users/Gudni/IgreyptKerfi/mqtt_client_CC3220S_LAUNCHXL_freertos_gcc" -I"C:/Users/Gudni/IgreyptKerfi/mqtt_client_CC3220S_LAUNCHXL_freertos_gcc/Debug" -I"C:/ti/simplelink_cc32xx_sdk_3_30_01_02/source" -I"C:/ti/simplelink_cc32xx_sdk_3_30_01_02/source/ti/posix/gcc" -I"C:/Users/Gudni/Downloads/FreeRTOSv10.2.1_191129/FreeRTOS/Source/include" -I"C:/Users/Gudni/Downloads/FreeRTOSv10.2.1_191129/FreeRTOS/Source/portable/GCC/ARM_CM3" -I"C:/Users/Gudni/IgreyptKerfi/freertos_builds_CC3220S_LAUNCHXL_release_gcc" -I"C:/ti/ccs930/ccs/tools/compiler/gcc-arm-none-eabi-7-2017-q4-major-win32/arm-none-eabi/include/newlib-nano" -I"C:/ti/ccs930/ccs/tools/compiler/gcc-arm-none-eabi-7-2017-q4-major-win32/arm-none-eabi/include" -ffunction-sections -fdata-sections -g -gdwarf-3 -gstrict-dwarf -Wall -MMD -MP -MF"mqtt_client_app.d" -MT"mqtt_client_app.o" -I"C:/Users/Gudni/IgreyptKerfi/mqtt_client_CC3220S_LAUNCHXL_freertos_gcc/Debug/syscfg" -std=c99  -o"mqtt_client_app.o" "../mqtt_client_app.c"
Finished building: "../mqtt_client_app.c"
 
Building file: "../network_if.c"
Invoking: GNU Compiler
"C:/ti/ccs930/ccs/tools/compiler/gcc-arm-none-eabi-7-2017-q4-major-win32/bin/arm-none-eabi-gcc-7.2.1.exe" -c -mcpu=cortex-m4 -march=armv7e-m -mthumb -mfloat-abi=soft -I"C:/Users/Gudni/IgreyptKerfi/mqtt_client_CC3220S_LAUNCHXL_freertos_gcc" -I"C:/Users/Gudni/IgreyptKerfi/mqtt_client_CC3220S_LAUNCHXL_freertos_gcc/Debug" -I"C:/ti/simplelink_cc32xx_sdk_3_30_01_02/source" -I"C:/ti/simplelink_cc32xx_sdk_3_30_01_02/source/ti/posix/gcc" -I"C:/Users/Gudni/Downloads/FreeRTOSv10.2.1_191129/FreeRTOS/Source/include" -I"C:/Users/Gudni/Downloads/FreeRTOSv10.2.1_191129/FreeRTOS/Source/portable/GCC/ARM_CM3" -I"C:/Users/Gudni/IgreyptKerfi/freertos_builds_CC3220S_LAUNCHXL_release_gcc" -I"C:/ti/ccs930/ccs/tools/compiler/gcc-arm-none-eabi-7-2017-q4-major-win32/arm-none-eabi/include/newlib-nano" -I"C:/ti/ccs930/ccs/tools/compiler/gcc-arm-none-eabi-7-2017-q4-major-win32/arm-none-eabi/include" -ffunction-sections -fdata-sections -g -gdwarf-3 -gstrict-dwarf -Wall -MMD -MP -MF"network_if.d" -MT"network_if.o" -I"C:/Users/Gudni/IgreyptKerfi/mqtt_client_CC3220S_LAUNCHXL_freertos_gcc/Debug/syscfg" -std=c99  -o"network_if.o" "../network_if.c"
Finished building: "../network_if.c"
 
gmake: Target 'all' not remade because of errors.

**** Build Finished ****

**** Build of configuration Debug for project freertos_builds_CC3220S_LAUNCHXL_release_gcc ****

"C:\\ti\\ccs930\\ccs\\utils\\bin\\gmake" -k -j 4 all -O 
 
gmake: Nothing to be done for 'all'.

**** Build Finished ****

**** Build of configuration Debug for project mqtt_client_CC3220S_LAUNCHXL_freertos_gcc ****

"C:\\ti\\ccs930\\ccs\\utils\\bin\\gmake" -k -j 4 all -O 
 
Building file: "syscfg/ti_drivers_net_wifi_config.c"
Invoking: GNU Compiler
"C:/ti/ccs930/ccs/tools/compiler/gcc-arm-none-eabi-7-2017-q4-major-win32/bin/arm-none-eabi-gcc-7.2.1.exe" -c -mcpu=cortex-m4 -march=armv7e-m -mthumb -mfloat-abi=soft -I"C:/Users/Gudni/IgreyptKerfi/mqtt_client_CC3220S_LAUNCHXL_freertos_gcc" -I"C:/Users/Gudni/IgreyptKerfi/mqtt_client_CC3220S_LAUNCHXL_freertos_gcc/Debug" -I"C:/ti/simplelink_cc32xx_sdk_3_30_01_02/source" -I"C:/ti/simplelink_cc32xx_sdk_3_30_01_02/source/ti/posix/gcc" -I"C:/Users/Gudni/Documents/igreyptkerfi_hopurB/FreeRTOSv10.2.1_191129/FreeRTOS/Source/include" -I"C:/Users/Gudni/Documents/igreyptkerfi_hopurB/FreeRTOSv10.2.1_191129/FreeRTOS/Source/portable/GCC/ARM_CM3" -I"C:/Users/Gudni/IgreyptKerfi/freertos_builds_CC3220S_LAUNCHXL_release_gcc" -I"C:/ti/ccs930/ccs/tools/compiler/gcc-arm-none-eabi-7-2017-q4-major-win32/arm-none-eabi/include/newlib-nano" -I"C:/ti/ccs930/ccs/tools/compiler/gcc-arm-none-eabi-7-2017-q4-major-win32/arm-none-eabi/include" -ffunction-sections -fdata-sections -g -gdwarf-3 -gstrict-dwarf -Wall -MMD -MP -MF"syscfg/ti_drivers_net_wifi_config.d" -MT"syscfg/ti_drivers_net_wifi_config.o" -I"C:/Users/Gudni/IgreyptKerfi/mqtt_client_CC3220S_LAUNCHXL_freertos_gcc/Debug/syscfg" -std=c99  -o"syscfg/ti_drivers_net_wifi_config.o" "syscfg/ti_drivers_net_wifi_config.c"
Finished building: "syscfg/ti_drivers_net_wifi_config.c"
 
Building file: "../client_cbs.c"
Invoking: GNU Compiler
"C:/ti/ccs930/ccs/tools/compiler/gcc-arm-none-eabi-7-2017-q4-major-win32/bin/arm-none-eabi-gcc-7.2.1.exe" -c -mcpu=cortex-m4 -march=armv7e-m -mthumb -mfloat-abi=soft -I"C:/Users/Gudni/IgreyptKerfi/mqtt_client_CC3220S_LAUNCHXL_freertos_gcc" -I"C:/Users/Gudni/IgreyptKerfi/mqtt_client_CC3220S_LAUNCHXL_freertos_gcc/Debug" -I"C:/ti/simplelink_cc32xx_sdk_3_30_01_02/source" -I"C:/ti/simplelink_cc32xx_sdk_3_30_01_02/source/ti/posix/gcc" -I"C:/Users/Gudni/Documents/igreyptkerfi_hopurB/FreeRTOSv10.2.1_191129/FreeRTOS/Source/include" -I"C:/Users/Gudni/Documents/igreyptkerfi_hopurB/FreeRTOSv10.2.1_191129/FreeRTOS/Source/portable/GCC/ARM_CM3" -I"C:/Users/Gudni/IgreyptKerfi/freertos_builds_CC3220S_LAUNCHXL_release_gcc" -I"C:/ti/ccs930/ccs/tools/compiler/gcc-arm-none-eabi-7-2017-q4-major-win32/arm-none-eabi/include/newlib-nano" -I"C:/ti/ccs930/ccs/tools/compiler/gcc-arm-none-eabi-7-2017-q4-major-win32/arm-none-eabi/include" -ffunction-sections -fdata-sections -g -gdwarf-3 -gstrict-dwarf -Wall -MMD -MP -MF"client_cbs.d" -MT"client_cbs.o" -I"C:/Users/Gudni/IgreyptKerfi/mqtt_client_CC3220S_LAUNCHXL_freertos_gcc/Debug/syscfg" -std=c99  -o"client_cbs.o" "../client_cbs.c"
Finished building: "../client_cbs.c"
 
Building file: "syscfg/ti_drivers_config.c"
Invoking: GNU Compiler
"C:/ti/ccs930/ccs/tools/compiler/gcc-arm-none-eabi-7-2017-q4-major-win32/bin/arm-none-eabi-gcc-7.2.1.exe" -c -mcpu=cortex-m4 -march=armv7e-m -mthumb -mfloat-abi=soft -I"C:/Users/Gudni/IgreyptKerfi/mqtt_client_CC3220S_LAUNCHXL_freertos_gcc" -I"C:/Users/Gudni/IgreyptKerfi/mqtt_client_CC3220S_LAUNCHXL_freertos_gcc/Debug" -I"C:/ti/simplelink_cc32xx_sdk_3_30_01_02/source" -I"C:/ti/simplelink_cc32xx_sdk_3_30_01_02/source/ti/posix/gcc" -I"C:/Users/Gudni/Documents/igreyptkerfi_hopurB/FreeRTOSv10.2.1_191129/FreeRTOS/Source/include" -I"C:/Users/Gudni/Documents/igreyptkerfi_hopurB/FreeRTOSv10.2.1_191129/FreeRTOS/Source/portable/GCC/ARM_CM3" -I"C:/Users/Gudni/IgreyptKerfi/freertos_builds_CC3220S_LAUNCHXL_release_gcc" -I"C:/ti/ccs930/ccs/tools/compiler/gcc-arm-none-eabi-7-2017-q4-major-win32/arm-none-eabi/include/newlib-nano" -I"C:/ti/ccs930/ccs/tools/compiler/gcc-arm-none-eabi-7-2017-q4-major-win32/arm-none-eabi/include" -ffunction-sections -fdata-sections -g -gdwarf-3 -gstrict-dwarf -Wall -MMD -MP -MF"syscfg/ti_drivers_config.d" -MT"syscfg/ti_drivers_config.o" -I"C:/Users/Gudni/IgreyptKerfi/mqtt_client_CC3220S_LAUNCHXL_freertos_gcc/Debug/syscfg" -std=c99  -o"syscfg/ti_drivers_config.o" "syscfg/ti_drivers_config.c"
Finished building: "syscfg/ti_drivers_config.c"
 
Building file: "../main_freertos.c"
Invoking: GNU Compiler
"C:/ti/ccs930/ccs/tools/compiler/gcc-arm-none-eabi-7-2017-q4-major-win32/bin/arm-none-eabi-gcc-7.2.1.exe" -c -mcpu=cortex-m4 -march=armv7e-m -mthumb -mfloat-abi=soft -I"C:/Users/Gudni/IgreyptKerfi/mqtt_client_CC3220S_LAUNCHXL_freertos_gcc" -I"C:/Users/Gudni/IgreyptKerfi/mqtt_client_CC3220S_LAUNCHXL_freertos_gcc/Debug" -I"C:/ti/simplelink_cc32xx_sdk_3_30_01_02/source" -I"C:/ti/simplelink_cc32xx_sdk_3_30_01_02/source/ti/posix/gcc" -I"C:/Users/Gudni/Documents/igreyptkerfi_hopurB/FreeRTOSv10.2.1_191129/FreeRTOS/Source/include" -I"C:/Users/Gudni/Documents/igreyptkerfi_hopurB/FreeRTOSv10.2.1_191129/FreeRTOS/Source/portable/GCC/ARM_CM3" -I"C:/Users/Gudni/IgreyptKerfi/freertos_builds_CC3220S_LAUNCHXL_release_gcc" -I"C:/ti/ccs930/ccs/tools/compiler/gcc-arm-none-eabi-7-2017-q4-major-win32/arm-none-eabi/include/newlib-nano" -I"C:/ti/ccs930/ccs/tools/compiler/gcc-arm-none-eabi-7-2017-q4-major-win32/arm-none-eabi/include" -ffunction-sections -fdata-sections -g -gdwarf-3 -gstrict-dwarf -Wall -MMD -MP -MF"main_freertos.d" -MT"main_freertos.o" -I"C:/Users/Gudni/IgreyptKerfi/mqtt_client_CC3220S_LAUNCHXL_freertos_gcc/Debug/syscfg" -std=c99  -o"main_freertos.o" "../main_freertos.c"
Finished building: "../main_freertos.c"
 
Building file: "../uart_term.c"
Invoking: GNU Compiler
"C:/ti/ccs930/ccs/tools/compiler/gcc-arm-none-eabi-7-2017-q4-major-win32/bin/arm-none-eabi-gcc-7.2.1.exe" -c -mcpu=cortex-m4 -march=armv7e-m -mthumb -mfloat-abi=soft -I"C:/Users/Gudni/IgreyptKerfi/mqtt_client_CC3220S_LAUNCHXL_freertos_gcc" -I"C:/Users/Gudni/IgreyptKerfi/mqtt_client_CC3220S_LAUNCHXL_freertos_gcc/Debug" -I"C:/ti/simplelink_cc32xx_sdk_3_30_01_02/source" -I"C:/ti/simplelink_cc32xx_sdk_3_30_01_02/source/ti/posix/gcc" -I"C:/Users/Gudni/Documents/igreyptkerfi_hopurB/FreeRTOSv10.2.1_191129/FreeRTOS/Source/include" -I"C:/Users/Gudni/Documents/igreyptkerfi_hopurB/FreeRTOSv10.2.1_191129/FreeRTOS/Source/portable/GCC/ARM_CM3" -I"C:/Users/Gudni/IgreyptKerfi/freertos_builds_CC3220S_LAUNCHXL_release_gcc" -I"C:/ti/ccs930/ccs/tools/compiler/gcc-arm-none-eabi-7-2017-q4-major-win32/arm-none-eabi/include/newlib-nano" -I"C:/ti/ccs930/ccs/tools/compiler/gcc-arm-none-eabi-7-2017-q4-major-win32/arm-none-eabi/include" -ffunction-sections -fdata-sections -g -gdwarf-3 -gstrict-dwarf -Wall -MMD -MP -MF"uart_term.d" -MT"uart_term.o" -I"C:/Users/Gudni/IgreyptKerfi/mqtt_client_CC3220S_LAUNCHXL_freertos_gcc/Debug/syscfg" -std=c99  -o"uart_term.o" "../uart_term.c"
Finished building: "../uart_term.c"
 
Building file: "../mqtt_client_app.c"
Invoking: GNU Compiler
"C:/ti/ccs930/ccs/tools/compiler/gcc-arm-none-eabi-7-2017-q4-major-win32/bin/arm-none-eabi-gcc-7.2.1.exe" -c -mcpu=cortex-m4 -march=armv7e-m -mthumb -mfloat-abi=soft -I"C:/Users/Gudni/IgreyptKerfi/mqtt_client_CC3220S_LAUNCHXL_freertos_gcc" -I"C:/Users/Gudni/IgreyptKerfi/mqtt_client_CC3220S_LAUNCHXL_freertos_gcc/Debug" -I"C:/ti/simplelink_cc32xx_sdk_3_30_01_02/source" -I"C:/ti/simplelink_cc32xx_sdk_3_30_01_02/source/ti/posix/gcc" -I"C:/Users/Gudni/Documents/igreyptkerfi_hopurB/FreeRTOSv10.2.1_191129/FreeRTOS/Source/include" -I"C:/Users/Gudni/Documents/igreyptkerfi_hopurB/FreeRTOSv10.2.1_191129/FreeRTOS/Source/portable/GCC/ARM_CM3" -I"C:/Users/Gudni/IgreyptKerfi/freertos_builds_CC3220S_LAUNCHXL_release_gcc" -I"C:/ti/ccs930/ccs/tools/compiler/gcc-arm-none-eabi-7-2017-q4-major-win32/arm-none-eabi/include/newlib-nano" -I"C:/ti/ccs930/ccs/tools/compiler/gcc-arm-none-eabi-7-2017-q4-major-win32/arm-none-eabi/include" -ffunction-sections -fdata-sections -g -gdwarf-3 -gstrict-dwarf -Wall -MMD -MP -MF"mqtt_client_app.d" -MT"mqtt_client_app.o" -I"C:/Users/Gudni/IgreyptKerfi/mqtt_client_CC3220S_LAUNCHXL_freertos_gcc/Debug/syscfg" -std=c99  -o"mqtt_client_app.o" "../mqtt_client_app.c"
Finished building: "../mqtt_client_app.c"
 
Building file: "../network_if.c"
Invoking: GNU Compiler
"C:/ti/ccs930/ccs/tools/compiler/gcc-arm-none-eabi-7-2017-q4-major-win32/bin/arm-none-eabi-gcc-7.2.1.exe" -c -mcpu=cortex-m4 -march=armv7e-m -mthumb -mfloat-abi=soft -I"C:/Users/Gudni/IgreyptKerfi/mqtt_client_CC3220S_LAUNCHXL_freertos_gcc" -I"C:/Users/Gudni/IgreyptKerfi/mqtt_client_CC3220S_LAUNCHXL_freertos_gcc/Debug" -I"C:/ti/simplelink_cc32xx_sdk_3_30_01_02/source" -I"C:/ti/simplelink_cc32xx_sdk_3_30_01_02/source/ti/posix/gcc" -I"C:/Users/Gudni/Documents/igreyptkerfi_hopurB/FreeRTOSv10.2.1_191129/FreeRTOS/Source/include" -I"C:/Users/Gudni/Documents/igreyptkerfi_hopurB/FreeRTOSv10.2.1_191129/FreeRTOS/Source/portable/GCC/ARM_CM3" -I"C:/Users/Gudni/IgreyptKerfi/freertos_builds_CC3220S_LAUNCHXL_release_gcc" -I"C:/ti/ccs930/ccs/tools/compiler/gcc-arm-none-eabi-7-2017-q4-major-win32/arm-none-eabi/include/newlib-nano" -I"C:/ti/ccs930/ccs/tools/compiler/gcc-arm-none-eabi-7-2017-q4-major-win32/arm-none-eabi/include" -ffunction-sections -fdata-sections -g -gdwarf-3 -gstrict-dwarf -Wall -MMD -MP -MF"network_if.d" -MT"network_if.o" -I"C:/Users/Gudni/IgreyptKerfi/mqtt_client_CC3220S_LAUNCHXL_freertos_gcc/Debug/syscfg" -std=c99  -o"network_if.o" "../network_if.c"
Finished building: "../network_if.c"
 
Building target: "mqtt_client_CC3220S_LAUNCHXL_freertos_gcc.out"
Invoking: GNU Linker
"C:/ti/ccs930/ccs/tools/compiler/gcc-arm-none-eabi-7-2017-q4-major-win32/bin/arm-none-eabi-gcc-7.2.1.exe" -ffunction-sections -fdata-sections -g -gdwarf-3 -gstrict-dwarf -Wall -march=armv7e-m -mthumb -Wl,-Map,"mqtt_client_CC3220S_LAUNCHXL_freertos_gcc.map" -nostartfiles -static -Wl,--gc-sections -L"C:/ti/simplelink_cc32xx_sdk_3_30_01_02/source/ti/net/mqtt/lib" -L"C:/ti/simplelink_cc32xx_sdk_3_30_01_02/source/ti/net/lib" -L"C:/ti/simplelink_cc32xx_sdk_3_30_01_02/source/ti/drivers/net/wifi/slnetif" -L"C:/ti/simplelink_cc32xx_sdk_3_30_01_02/source" -L"C:/ti/simplelink_cc32xx_sdk_3_30_01_02/source/ti/drivers/net/wifi" -L"C:/Users/Gudni/IgreyptKerfi/freertos_builds_CC3220S_LAUNCHXL_release_gcc/Debug" -L"C:/ti/ccs930/ccs/tools/compiler/gcc-arm-none-eabi-7-2017-q4-major-win32/arm-none-eabi/lib/thumb/v7e-m" -L"C:/ti/ccs930/ccs/tools/compiler/gcc-arm-none-eabi-7-2017-q4-major-win32/arm-none-eabi/lib" -march=armv7e-m -mthumb --specs=nano.specs -o"mqtt_client_CC3220S_LAUNCHXL_freertos_gcc.out" "./client_cbs.o" "./syscfg/ti_drivers_net_wifi_config.o" "./syscfg/ti_drivers_config.o" "./main_freertos.o" "./mqtt_client_app.o" "./network_if.o" "./uart_term.o" -Wl,-T"../CC3220S_LAUNCHXL_FREERTOS.lds"  -l:"gcc/m4/mqtt_release.a" -l:"gcc/m4/slnetsock_release.a" -l:"gcc/Release/slnetifwifi.a" -l:"ti/display/lib/display.am4g" -l:"ti/grlib/lib/gcc/m4/grlib.a" -l:"third_party/spiffs/lib/gcc/m4/spiffs.a" -l:"ti/drivers/lib/drivers_cc32xx.am4g" -l:"third_party/fatfs/lib/gcc/m4/fatfs.a" -l:"gcc/rtos/simplelink.a" -l:libfreertos_builds_CC3220S_LAUNCHXL_release_gcc.a -l:"ti/devices/cc32xx/driverlib/gcc/Release/driverlib.a" -lgcc -lc -lm -lnosys 
Finished building target: "mqtt_client_CC3220S_LAUNCHXL_freertos_gcc.out"
 
Building files: "mqtt_client_CC3220S_LAUNCHXL_freertos_gcc.out"
Invoking: GNU Objcopy Utility
"C:/ti/ccs930/ccs/tools/compiler/gcc-arm-none-eabi-7-2017-q4-major-win32/bin/arm-none-eabi-objcopy.exe" -O binary  "mqtt_client_CC3220S_LAUNCHXL_freertos_gcc.out"  "mqtt_client_CC3220S_LAUNCHXL_freertos_gcc.bin"
Finished building: "mqtt_client_CC3220S_LAUNCHXL_freertos_gcc.out"
 

**** Build Finished ****
