
**** Build of configuration Debug for project mqtt_client_CC3220S_LAUNCHXL_freertos_gcc ****

"C:\\ti\\ccs930\\ccs\\utils\\bin\\gmake" -k -j 4 all -O 
 
Building file: "syscfg/ti_drivers_net_wifi_config.c"
Invoking: GNU Compiler
"C:/ti/ccs930/ccs/tools/compiler/gcc-arm-none-eabi-7-2017-q4-major-win32/bin/arm-none-eabi-gcc-7.2.1.exe" -c -mcpu=cortex-m4 -march=armv7e-m -mthumb -mfloat-abi=soft -I"C:/Users/Gudni/IgreyptKerfi/mqtt_client_CC3220S_LAUNCHXL_freertos_gcc" -I"C:/Users/Gudni/IgreyptKerfi/mqtt_client_CC3220S_LAUNCHXL_freertos_gcc/Debug" -I"C:/ti/simplelink_cc32xx_sdk_3_30_01_02/source" -I"C:/ti/simplelink_cc32xx_sdk_3_30_01_02/source/ti/posix/gcc" -I"C:/Users/Gudni/Documents/igreyptkerfi_hopurB/FreeRTOSv10.2.1_191129/FreeRTOS/Source/include" -I"C:/Users/Gudni/Documents/igreyptkerfi_hopurB/FreeRTOSv10.2.1_191129/FreeRTOS/Source/portable/GCC/ARM_CM3" -I"C:/Users/Gudni/IgreyptKerfi/freertos_builds_CC3220S_LAUNCHXL_release_gcc" -I"C:/ti/ccs930/ccs/tools/compiler/gcc-arm-none-eabi-7-2017-q4-major-win32/arm-none-eabi/include/newlib-nano" -I"C:/ti/ccs930/ccs/tools/compiler/gcc-arm-none-eabi-7-2017-q4-major-win32/arm-none-eabi/include" -ffunction-sections -fdata-sections -g -gdwarf-3 -gstrict-dwarf -Wall -MMD -MP -MF"syscfg/ti_drivers_net_wifi_config.d" -MT"syscfg/ti_drivers_net_wifi_config.o" -I"C:/Users/Gudni/IgreyptKerfi/mqtt_client_CC3220S_LAUNCHXL_freertos_gcc/Debug/syscfg" -std=c99  -o"syscfg/ti_drivers_net_wifi_config.o" "syscfg/ti_drivers_net_wifi_config.c"
Finished building: "syscfg/ti_drivers_net_wifi_config.c"
 
Building file: "../client_cbs.c"
Invoking: GNU Compiler
"C:/ti/ccs930/ccs/tools/compiler/gcc-arm-none-eabi-7-2017-q4-major-win32/bin/arm-none-eabi-gcc-7.2.1.exe" -c -mcpu=cortex-m4 -march=armv7e-m -mthumb -mfloat-abi=soft -I"C:/Users/Gudni/IgreyptKerfi/mqtt_client_CC3220S_LAUNCHXL_freertos_gcc" -I"C:/Users/Gudni/IgreyptKerfi/mqtt_client_CC3220S_LAUNCHXL_freertos_gcc/Debug" -I"C:/ti/simplelink_cc32xx_sdk_3_30_01_02/source" -I"C:/ti/simplelink_cc32xx_sdk_3_30_01_02/source/ti/posix/gcc" -I"C:/Users/Gudni/Documents/igreyptkerfi_hopurB/FreeRTOSv10.2.1_191129/FreeRTOS/Source/include" -I"C:/Users/Gudni/Documents/igreyptkerfi_hopurB/FreeRTOSv10.2.1_191129/FreeRTOS/Source/portable/GCC/ARM_CM3" -I"C:/Users/Gudni/IgreyptKerfi/freertos_builds_CC3220S_LAUNCHXL_release_gcc" -I"C:/ti/ccs930/ccs/tools/compiler/gcc-arm-none-eabi-7-2017-q4-major-win32/arm-none-eabi/include/newlib-nano" -I"C:/ti/ccs930/ccs/tools/compiler/gcc-arm-none-eabi-7-2017-q4-major-win32/arm-none-eabi/include" -ffunction-sections -fdata-sections -g -gdwarf-3 -gstrict-dwarf -Wall -MMD -MP -MF"client_cbs.d" -MT"client_cbs.o" -I"C:/Users/Gudni/IgreyptKerfi/mqtt_client_CC3220S_LAUNCHXL_freertos_gcc/Debug/syscfg" -std=c99  -o"client_cbs.o" "../client_cbs.c"
Finished building: "../client_cbs.c"
 
Building file: "syscfg/ti_drivers_config.c"
Invoking: GNU Compiler
"C:/ti/ccs930/ccs/tools/compiler/gcc-arm-none-eabi-7-2017-q4-major-win32/bin/arm-none-eabi-gcc-7.2.1.exe" -c -mcpu=cortex-m4 -march=armv7e-m -mthumb -mfloat-abi=soft -I"C:/Users/Gudni/IgreyptKerfi/mqtt_client_CC3220S_LAUNCHXL_freertos_gcc" -I"C:/Users/Gudni/IgreyptKerfi/mqtt_client_CC3220S_LAUNCHXL_freertos_gcc/Debug" -I"C:/ti/simplelink_cc32xx_sdk_3_30_01_02/source" -I"C:/ti/simplelink_cc32xx_sdk_3_30_01_02/source/ti/posix/gcc" -I"C:/Users/Gudni/Documents/igreyptkerfi_hopurB/FreeRTOSv10.2.1_191129/FreeRTOS/Source/include" -I"C:/Users/Gudni/Documents/igreyptkerfi_hopurB/FreeRTOSv10.2.1_191129/FreeRTOS/Source/portable/GCC/ARM_CM3" -I"C:/Users/Gudni/IgreyptKerfi/freertos_builds_CC3220S_LAUNCHXL_release_gcc" -I"C:/ti/ccs930/ccs/tools/compiler/gcc-arm-none-eabi-7-2017-q4-major-win32/arm-none-eabi/include/newlib-nano" -I"C:/ti/ccs930/ccs/tools/compiler/gcc-arm-none-eabi-7-2017-q4-major-win32/arm-none-eabi/include" -ffunction-sections -fdata-sections -g -gdwarf-3 -gstrict-dwarf -Wall -MMD -MP -MF"syscfg/ti_drivers_config.d" -MT"syscfg/ti_drivers_config.o" -I"C:/Users/Gudni/IgreyptKerfi/mqtt_client_CC3220S_LAUNCHXL_freertos_gcc/Debug/syscfg" -std=c99  -o"syscfg/ti_drivers_config.o" "syscfg/ti_drivers_config.c"
Finished building: "syscfg/ti_drivers_config.c"
 
Building file: "../main_freertos.c"
Invoking: GNU Compiler
"C:/ti/ccs930/ccs/tools/compiler/gcc-arm-none-eabi-7-2017-q4-major-win32/bin/arm-none-eabi-gcc-7.2.1.exe" -c -mcpu=cortex-m4 -march=armv7e-m -mthumb -mfloat-abi=soft -I"C:/Users/Gudni/IgreyptKerfi/mqtt_client_CC3220S_LAUNCHXL_freertos_gcc" -I"C:/Users/Gudni/IgreyptKerfi/mqtt_client_CC3220S_LAUNCHXL_freertos_gcc/Debug" -I"C:/ti/simplelink_cc32xx_sdk_3_30_01_02/source" -I"C:/ti/simplelink_cc32xx_sdk_3_30_01_02/source/ti/posix/gcc" -I"C:/Users/Gudni/Documents/igreyptkerfi_hopurB/FreeRTOSv10.2.1_191129/FreeRTOS/Source/include" -I"C:/Users/Gudni/Documents/igreyptkerfi_hopurB/FreeRTOSv10.2.1_191129/FreeRTOS/Source/portable/GCC/ARM_CM3" -I"C:/Users/Gudni/IgreyptKerfi/freertos_builds_CC3220S_LAUNCHXL_release_gcc" -I"C:/ti/ccs930/ccs/tools/compiler/gcc-arm-none-eabi-7-2017-q4-major-win32/arm-none-eabi/include/newlib-nano" -I"C:/ti/ccs930/ccs/tools/compiler/gcc-arm-none-eabi-7-2017-q4-major-win32/arm-none-eabi/include" -ffunction-sections -fdata-sections -g -gdwarf-3 -gstrict-dwarf -Wall -MMD -MP -MF"main_freertos.d" -MT"main_freertos.o" -I"C:/Users/Gudni/IgreyptKerfi/mqtt_client_CC3220S_LAUNCHXL_freertos_gcc/Debug/syscfg" -std=c99  -o"main_freertos.o" "../main_freertos.c"
Finished building: "../main_freertos.c"
 
Building file: "../uart_term.c"
Invoking: GNU Compiler
"C:/ti/ccs930/ccs/tools/compiler/gcc-arm-none-eabi-7-2017-q4-major-win32/bin/arm-none-eabi-gcc-7.2.1.exe" -c -mcpu=cortex-m4 -march=armv7e-m -mthumb -mfloat-abi=soft -I"C:/Users/Gudni/IgreyptKerfi/mqtt_client_CC3220S_LAUNCHXL_freertos_gcc" -I"C:/Users/Gudni/IgreyptKerfi/mqtt_client_CC3220S_LAUNCHXL_freertos_gcc/Debug" -I"C:/ti/simplelink_cc32xx_sdk_3_30_01_02/source" -I"C:/ti/simplelink_cc32xx_sdk_3_30_01_02/source/ti/posix/gcc" -I"C:/Users/Gudni/Documents/igreyptkerfi_hopurB/FreeRTOSv10.2.1_191129/FreeRTOS/Source/include" -I"C:/Users/Gudni/Documents/igreyptkerfi_hopurB/FreeRTOSv10.2.1_191129/FreeRTOS/Source/portable/GCC/ARM_CM3" -I"C:/Users/Gudni/IgreyptKerfi/freertos_builds_CC3220S_LAUNCHXL_release_gcc" -I"C:/ti/ccs930/ccs/tools/compiler/gcc-arm-none-eabi-7-2017-q4-major-win32/arm-none-eabi/include/newlib-nano" -I"C:/ti/ccs930/ccs/tools/compiler/gcc-arm-none-eabi-7-2017-q4-major-win32/arm-none-eabi/include" -ffunction-sections -fdata-sections -g -gdwarf-3 -gstrict-dwarf -Wall -MMD -MP -MF"uart_term.d" -MT"uart_term.o" -I"C:/Users/Gudni/IgreyptKerfi/mqtt_client_CC3220S_LAUNCHXL_freertos_gcc/Debug/syscfg" -std=c99  -o"uart_term.o" "../uart_term.c"
Finished building: "../uart_term.c"
 
Building file: "../mqtt_client_app.c"
Invoking: GNU Compiler
"C:/ti/ccs930/ccs/tools/compiler/gcc-arm-none-eabi-7-2017-q4-major-win32/bin/arm-none-eabi-gcc-7.2.1.exe" -c -mcpu=cortex-m4 -march=armv7e-m -mthumb -mfloat-abi=soft -I"C:/Users/Gudni/IgreyptKerfi/mqtt_client_CC3220S_LAUNCHXL_freertos_gcc" -I"C:/Users/Gudni/IgreyptKerfi/mqtt_client_CC3220S_LAUNCHXL_freertos_gcc/Debug" -I"C:/ti/simplelink_cc32xx_sdk_3_30_01_02/source" -I"C:/ti/simplelink_cc32xx_sdk_3_30_01_02/source/ti/posix/gcc" -I"C:/Users/Gudni/Documents/igreyptkerfi_hopurB/FreeRTOSv10.2.1_191129/FreeRTOS/Source/include" -I"C:/Users/Gudni/Documents/igreyptkerfi_hopurB/FreeRTOSv10.2.1_191129/FreeRTOS/Source/portable/GCC/ARM_CM3" -I"C:/Users/Gudni/IgreyptKerfi/freertos_builds_CC3220S_LAUNCHXL_release_gcc" -I"C:/ti/ccs930/ccs/tools/compiler/gcc-arm-none-eabi-7-2017-q4-major-win32/arm-none-eabi/include/newlib-nano" -I"C:/ti/ccs930/ccs/tools/compiler/gcc-arm-none-eabi-7-2017-q4-major-win32/arm-none-eabi/include" -ffunction-sections -fdata-sections -g -gdwarf-3 -gstrict-dwarf -Wall -MMD -MP -MF"mqtt_client_app.d" -MT"mqtt_client_app.o" -I"C:/Users/Gudni/IgreyptKerfi/mqtt_client_CC3220S_LAUNCHXL_freertos_gcc/Debug/syscfg" -std=c99  -o"mqtt_client_app.o" "../mqtt_client_app.c"
Finished building: "../mqtt_client_app.c"
 
Building file: "../network_if.c"
Invoking: GNU Compiler
"C:/ti/ccs930/ccs/tools/compiler/gcc-arm-none-eabi-7-2017-q4-major-win32/bin/arm-none-eabi-gcc-7.2.1.exe" -c -mcpu=cortex-m4 -march=armv7e-m -mthumb -mfloat-abi=soft -I"C:/Users/Gudni/IgreyptKerfi/mqtt_client_CC3220S_LAUNCHXL_freertos_gcc" -I"C:/Users/Gudni/IgreyptKerfi/mqtt_client_CC3220S_LAUNCHXL_freertos_gcc/Debug" -I"C:/ti/simplelink_cc32xx_sdk_3_30_01_02/source" -I"C:/ti/simplelink_cc32xx_sdk_3_30_01_02/source/ti/posix/gcc" -I"C:/Users/Gudni/Documents/igreyptkerfi_hopurB/FreeRTOSv10.2.1_191129/FreeRTOS/Source/include" -I"C:/Users/Gudni/Documents/igreyptkerfi_hopurB/FreeRTOSv10.2.1_191129/FreeRTOS/Source/portable/GCC/ARM_CM3" -I"C:/Users/Gudni/IgreyptKerfi/freertos_builds_CC3220S_LAUNCHXL_release_gcc" -I"C:/ti/ccs930/ccs/tools/compiler/gcc-arm-none-eabi-7-2017-q4-major-win32/arm-none-eabi/include/newlib-nano" -I"C:/ti/ccs930/ccs/tools/compiler/gcc-arm-none-eabi-7-2017-q4-major-win32/arm-none-eabi/include" -ffunction-sections -fdata-sections -g -gdwarf-3 -gstrict-dwarf -Wall -MMD -MP -MF"network_if.d" -MT"network_if.o" -I"C:/Users/Gudni/IgreyptKerfi/mqtt_client_CC3220S_LAUNCHXL_freertos_gcc/Debug/syscfg" -std=c99  -o"network_if.o" "../network_if.c"
Finished building: "../network_if.c"
 
Building target: "mqtt_client_CC3220S_LAUNCHXL_freertos_gcc.out"
Invoking: GNU Linker
"C:/ti/ccs930/ccs/tools/compiler/gcc-arm-none-eabi-7-2017-q4-major-win32/bin/arm-none-eabi-gcc-7.2.1.exe" -ffunction-sections -fdata-sections -g -gdwarf-3 -gstrict-dwarf -Wall -march=armv7e-m -mthumb -Wl,-Map,"mqtt_client_CC3220S_LAUNCHXL_freertos_gcc.map" -nostartfiles -static -Wl,--gc-sections -L"C:/ti/simplelink_cc32xx_sdk_3_30_01_02/source/ti/net/mqtt/lib" -L"C:/ti/simplelink_cc32xx_sdk_3_30_01_02/source/ti/net/lib" -L"C:/ti/simplelink_cc32xx_sdk_3_30_01_02/source/ti/drivers/net/wifi/slnetif" -L"C:/ti/simplelink_cc32xx_sdk_3_30_01_02/source" -L"C:/ti/simplelink_cc32xx_sdk_3_30_01_02/source/ti/drivers/net/wifi" -L"C:/Users/Gudni/IgreyptKerfi/freertos_builds_CC3220S_LAUNCHXL_release_gcc/Debug" -L"C:/ti/ccs930/ccs/tools/compiler/gcc-arm-none-eabi-7-2017-q4-major-win32/arm-none-eabi/lib/thumb/v7e-m" -L"C:/ti/ccs930/ccs/tools/compiler/gcc-arm-none-eabi-7-2017-q4-major-win32/arm-none-eabi/lib" -march=armv7e-m -mthumb --specs=nano.specs -o"mqtt_client_CC3220S_LAUNCHXL_freertos_gcc.out" "./client_cbs.o" "./syscfg/ti_drivers_net_wifi_config.o" "./syscfg/ti_drivers_config.o" "./main_freertos.o" "./mqtt_client_app.o" "./network_if.o" "./uart_term.o" -Wl,-T"../CC3220S_LAUNCHXL_FREERTOS.lds"  -l:"gcc/m4/mqtt_release.a" -l:"gcc/m4/slnetsock_release.a" -l:"gcc/Release/slnetifwifi.a" -l:"ti/display/lib/display.am4g" -l:"ti/grlib/lib/gcc/m4/grlib.a" -l:"third_party/spiffs/lib/gcc/m4/spiffs.a" -l:"ti/drivers/lib/drivers_cc32xx.am4g" -l:"third_party/fatfs/lib/gcc/m4/fatfs.a" -l:"gcc/rtos/simplelink.a" -l:libfreertos_builds_CC3220S_LAUNCHXL_release_gcc.a -l:"ti/devices/cc32xx/driverlib/gcc/Release/driverlib.a" -lgcc -lc -lm -lnosys 
Finished building target: "mqtt_client_CC3220S_LAUNCHXL_freertos_gcc.out"
 
Building files: "mqtt_client_CC3220S_LAUNCHXL_freertos_gcc.out"
Invoking: GNU Objcopy Utility
"C:/ti/ccs930/ccs/tools/compiler/gcc-arm-none-eabi-7-2017-q4-major-win32/bin/arm-none-eabi-objcopy.exe" -O binary  "mqtt_client_CC3220S_LAUNCHXL_freertos_gcc.out"  "mqtt_client_CC3220S_LAUNCHXL_freertos_gcc.bin"
Finished building: "mqtt_client_CC3220S_LAUNCHXL_freertos_gcc.out"
 

**** Build Finished ****
